2024-10-22 17:03:09 [http-nio-8080-exec-2] DEBUG org.hibernate.secure.spi.JaccIntegrator - Skipping JACC integration as it was not enabled
2024-10-22 17:03:09 [http-nio-8080-exec-2] DEBUG org.hibernate.internal.SessionFactoryImpl - Instantiated session factory
2024-10-22 17:03:09 [http-nio-8080-exec-2] DEBUG org.hibernate.type.spi.TypeConfiguration$Scope - Scoping TypeConfiguration [org.hibernate.type.spi.TypeConfiguration@5418367a] to SessionFactoryImpl [org.hibernate.internal.SessionFactoryImpl@63ac0959]
2024-10-22 17:03:09 [http-nio-8080-exec-2] DEBUG org.hibernate.boot.internal.ClassLoaderAccessImpl - Not known whether passed class name [com.wavemaker.employee.entities.Employee] is safe
2024-10-22 17:03:09 [http-nio-8080-exec-2] DEBUG org.hibernate.boot.internal.ClassLoaderAccessImpl - No temp ClassLoader provided; using live ClassLoader for loading potentially unsafe class : com.wavemaker.employee.entities.Employee
2024-10-22 17:03:10 [http-nio-8080-exec-2] DEBUG org.hibernate.persister.entity.AbstractEntityPersister - Static SQL for entity: com.wavemaker.employee.entities.Employee
2024-10-22 17:03:10 [http-nio-8080-exec-2] DEBUG org.hibernate.persister.entity.AbstractEntityPersister -  Version select: select empId from Employee where empId =?
2024-10-22 17:03:10 [http-nio-8080-exec-2] DEBUG org.hibernate.persister.entity.AbstractEntityPersister -  Snapshot select: select employee_.empId, employee_.age as age2_0_, employee_.contact as contact3_0_, employee_.gender as gender4_0_, employee_.name as name5_0_ from Employee employee_ where employee_.empId=?
2024-10-22 17:03:10 [http-nio-8080-exec-2] DEBUG org.hibernate.persister.entity.AbstractEntityPersister -  Insert 0: insert into Employee (age, contact, gender, name, empId) values (?, ?, ?, ?, ?)
2024-10-22 17:03:10 [http-nio-8080-exec-2] DEBUG org.hibernate.persister.entity.AbstractEntityPersister -  Update 0: update Employee set age=?, contact=?, gender=?, name=? where empId=?
2024-10-22 17:03:10 [http-nio-8080-exec-2] DEBUG org.hibernate.persister.entity.AbstractEntityPersister -  Delete 0: delete from Employee where empId=?
2024-10-22 17:03:10 [http-nio-8080-exec-2] DEBUG org.hibernate.loader.plan.build.internal.spaces.QuerySpacesImpl - Adding QuerySpace : uid = <gen:0> -> org.hibernate.loader.plan.build.internal.spaces.EntityQuerySpaceImpl@7c8fc519]
2024-10-22 17:03:10 [http-nio-8080-exec-2] DEBUG org.hibernate.persister.walking.spi.MetamodelGraphWalker - Visiting attribute path : age
2024-10-22 17:03:10 [http-nio-8080-exec-2] DEBUG org.hibernate.persister.walking.spi.MetamodelGraphWalker - Visiting attribute path : contact
2024-10-22 17:03:10 [http-nio-8080-exec-2] DEBUG org.hibernate.persister.walking.spi.MetamodelGraphWalker - Visiting attribute path : gender
2024-10-22 17:03:10 [http-nio-8080-exec-2] DEBUG org.hibernate.persister.walking.spi.MetamodelGraphWalker - Visiting attribute path : name
2024-10-22 17:03:10 [http-nio-8080-exec-2] DEBUG org.hibernate.loader.plan.build.internal.FetchStyleLoadPlanBuildingAssociationVisitationStrategy - Building LoadPlan...
2024-10-22 17:03:10 [http-nio-8080-exec-2] DEBUG org.hibernate.loader.plan.exec.internal.LoadQueryJoinAndFetchProcessor - processing queryspace <gen:0>
2024-10-22 17:03:10 [http-nio-8080-exec-2] DEBUG org.hibernate.loader.plan.build.spi.LoadPlanTreePrinter - LoadPlan(entity=com.wavemaker.employee.entities.Employee)
    - Returns
       - EntityReturnImpl(entity=com.wavemaker.employee.entities.Employee, querySpaceUid=<gen:0>, path=com.wavemaker.employee.entities.Employee)
    - QuerySpaces
       - EntityQuerySpaceImpl(uid=<gen:0>, entity=com.wavemaker.employee.entities.Employee)
          - SQL table alias mapping - employee0_
          - alias suffix - 0_
          - suffixed key columns - {empid1_0_0_}

2024-10-22 17:03:10 [http-nio-8080-exec-2] DEBUG org.hibernate.loader.entity.plan.EntityLoader - Static select for entity com.wavemaker.employee.entities.Employee [NONE]: select employee0_.empId as empid1_0_0_, employee0_.age as age2_0_0_, employee0_.contact as contact3_0_0_, employee0_.gender as gender4_0_0_, employee0_.name as name5_0_0_ from Employee employee0_ where employee0_.empId=?
2024-10-22 17:03:10 [http-nio-8080-exec-2] DEBUG org.hibernate.tool.schema.spi.SchemaManagementToolCoordinator - No schema actions specified
2024-10-22 17:03:10 [http-nio-8080-exec-2] DEBUG org.hibernate.tool.schema.spi.SchemaManagementToolCoordinator - No actions specified; doing nothing
2024-10-22 17:03:10 [http-nio-8080-exec-2] DEBUG org.hibernate.engine.transaction.jta.platform.internal.JtaPlatformInitiator - No JtaPlatform was specified, checking resolver
2024-10-22 17:03:10 [http-nio-8080-exec-2] DEBUG org.hibernate.engine.transaction.jta.platform.internal.JtaPlatformResolverInitiator - No JtaPlatformResolver was specified, using default [org.hibernate.engine.transaction.jta.platform.internal.StandardJtaPlatformResolver]
2024-10-22 17:03:10 [http-nio-8080-exec-2] DEBUG org.hibernate.engine.transaction.jta.platform.internal.StandardJtaPlatformResolver - Could not resolve JtaPlatform, using default [org.hibernate.engine.transaction.jta.platform.internal.NoJtaPlatform]
2024-10-22 17:03:10 [http-nio-8080-exec-2] INFO  org.hibernate.engine.transaction.jta.platform.internal.JtaPlatformInitiator - HHH000490: Using JtaPlatform implementation: [org.hibernate.engine.transaction.jta.platform.internal.NoJtaPlatform]
2024-10-22 17:03:10 [http-nio-8080-exec-2] DEBUG org.hibernate.service.internal.SessionFactoryServiceRegistryImpl - EventListenerRegistry access via ServiceRegistry is deprecated.  Use `sessionFactory.getEventEngine().getListenerRegistry()` instead
2024-10-22 17:03:10 [http-nio-8080-exec-2] DEBUG org.hibernate.hql.internal.QueryTranslatorFactoryInitiator - QueryTranslatorFactory: org.hibernate.hql.internal.ast.ASTQueryTranslatorFactory@53b475b9
2024-10-22 17:03:10 [http-nio-8080-exec-2] DEBUG org.hibernate.query.spi.NamedQueryRepository - Checking 0 named HQL queries
2024-10-22 17:03:10 [http-nio-8080-exec-2] DEBUG org.hibernate.query.spi.NamedQueryRepository - Checking 0 named SQL queries
2024-10-22 17:03:10 [http-nio-8080-exec-2] DEBUG org.hibernate.internal.SessionFactoryRegistry - Initializing SessionFactoryRegistry : org.hibernate.internal.SessionFactoryRegistry@2bd9a64a
2024-10-22 17:03:10 [http-nio-8080-exec-2] DEBUG org.hibernate.internal.SessionFactoryRegistry - Registering SessionFactory: 32bcc0fe-a73a-4120-8f43-4e46e41cb98f (<unnamed>)
2024-10-22 17:03:10 [http-nio-8080-exec-2] DEBUG org.hibernate.internal.SessionFactoryRegistry - Not binding SessionFactory to JNDI, no JNDI name configured
2024-10-22 17:03:10 [http-nio-8080-exec-2] DEBUG org.springframework.beans.factory.support.DefaultListableBeanFactory - Autowiring by type from bean name 'employeeRepositoryInDbImpl' via constructor to bean named 'hibernateTemplate'
2024-10-22 17:03:10 [http-nio-8080-exec-2] DEBUG org.springframework.beans.factory.support.DefaultListableBeanFactory - Creating shared instance of singleton bean 'employeeRepositoryInMemoryImpl'
2024-10-22 17:03:10 [http-nio-8080-exec-2] DEBUG org.springframework.beans.factory.support.DefaultListableBeanFactory - Creating shared instance of singleton bean 'transactionManager'
2024-10-22 17:03:10 [http-nio-8080-exec-2] DEBUG org.springframework.orm.hibernate5.HibernateTransactionManager - Using DataSource [org.springframework.jdbc.datasource.DriverManagerDataSource@695bf282] of Hibernate SessionFactory for HibernateTransactionManager
2024-10-22 17:03:10 [http-nio-8080-exec-2] DEBUG org.springframework.beans.factory.support.DefaultListableBeanFactory - Creating shared instance of singleton bean 'org.springframework.transaction.interceptor.TransactionInterceptor#0'
2024-10-22 17:03:10 [http-nio-8080-exec-2] DEBUG org.springframework.web.servlet.DispatcherServlet - Detected AcceptHeaderLocaleResolver
2024-10-22 17:03:10 [http-nio-8080-exec-2] DEBUG org.springframework.web.servlet.DispatcherServlet - Detected FixedThemeResolver
2024-10-22 17:03:10 [http-nio-8080-exec-2] DEBUG org.springframework.web.servlet.DispatcherServlet - Detected org.springframework.web.servlet.view.DefaultRequestToViewNameTranslator@67dba5c4
2024-10-22 17:03:10 [http-nio-8080-exec-2] DEBUG org.springframework.web.servlet.DispatcherServlet - Detected org.springframework.web.servlet.support.SessionFlashMapManager@5e381281
2024-10-22 17:03:10 [http-nio-8080-exec-2] DEBUG org.springframework.web.servlet.DispatcherServlet - enableLoggingRequestDetails='false': request parameters and headers will be masked to prevent unsafe logging of potentially sensitive data
2024-10-22 17:03:10 [http-nio-8080-exec-2] INFO  org.springframework.web.servlet.DispatcherServlet - Completed initialization in 1502 ms
2024-10-22 17:03:10 [http-nio-8080-exec-2] DEBUG org.springframework.web.servlet.DispatcherServlet - POST "/Employee/employeeManagement", parameters={}
2024-10-22 17:03:10 [http-nio-8080-exec-2] DEBUG org.springframework.web.servlet.mvc.method.annotation.RequestMappingHandlerMapping - Mapped to com.wavemaker.employee.controller.EmployeeController#addEmployee(Employee)
2024-10-22 17:03:10 [http-nio-8080-exec-2] DEBUG org.springframework.web.servlet.mvc.method.annotation.RequestResponseBodyMethodProcessor - Read "application/json;charset=UTF-8" to [Employee{empId=0, name='sathillkk reddy', age=30, contact='123-456-7890', gender='male'}]
2024-10-22 17:03:10 [http-nio-8080-exec-2] DEBUG org.springframework.orm.hibernate5.HibernateTransactionManager - Creating new transaction with name [com.wavemaker.employee.repository.impl.EmployeeRepositoryInDbImpl.addEmployee]: PROPAGATION_REQUIRED,ISOLATION_DEFAULT
2024-10-22 17:03:10 [http-nio-8080-exec-2] DEBUG org.hibernate.stat.internal.StatisticsInitiator - Statistics initialized [enabled=false]
2024-10-22 17:03:10 [http-nio-8080-exec-2] DEBUG org.springframework.orm.hibernate5.HibernateTransactionManager - Opened new Session [SessionImpl(88176262<open>)] for Hibernate transaction
2024-10-22 17:03:10 [http-nio-8080-exec-2] DEBUG org.hibernate.engine.transaction.internal.TransactionImpl - On TransactionImpl creation, JpaCompliance#isJpaTransactionComplianceEnabled == false
2024-10-22 17:03:10 [http-nio-8080-exec-2] DEBUG org.hibernate.engine.transaction.internal.TransactionImpl - begin
2024-10-22 17:03:10 [http-nio-8080-exec-2] DEBUG org.springframework.jdbc.datasource.DriverManagerDataSource - Creating new JDBC DriverManager Connection to [jdbc:mysql://127.0.0.1:3306/springjdbc]
2024-10-22 17:03:10 [http-nio-8080-exec-2] DEBUG org.springframework.orm.hibernate5.HibernateTransactionManager - Exposing Hibernate transaction as JDBC [org.springframework.orm.hibernate5.HibernateTransactionManager$$Lambda/0x00007f8f786fee30@64b2b1c0]
2024-10-22 17:03:10 [http-nio-8080-exec-2] DEBUG org.hibernate.event.internal.AbstractSaveEventListener - Generated identifier: 0, using strategy: org.hibernate.id.Assigned
2024-10-22 17:03:10 [http-nio-8080-exec-2] DEBUG org.springframework.orm.hibernate5.HibernateTransactionManager - Initiating transaction commit
2024-10-22 17:03:10 [http-nio-8080-exec-2] DEBUG org.springframework.orm.hibernate5.HibernateTransactionManager - Committing Hibernate transaction on Session [SessionImpl(88176262<open>)]
2024-10-22 17:03:10 [http-nio-8080-exec-2] DEBUG org.hibernate.engine.transaction.internal.TransactionImpl - committing
2024-10-22 17:03:10 [http-nio-8080-exec-2] DEBUG org.hibernate.event.internal.AbstractFlushingEventListener - Processing flush-time cascades
2024-10-22 17:03:10 [http-nio-8080-exec-2] DEBUG org.hibernate.event.internal.AbstractFlushingEventListener - Dirty checking collections
2024-10-22 17:03:10 [http-nio-8080-exec-2] DEBUG org.hibernate.event.internal.AbstractFlushingEventListener - Flushed: 1 insertions, 0 updates, 0 deletions to 1 objects
2024-10-22 17:03:10 [http-nio-8080-exec-2] DEBUG org.hibernate.event.internal.AbstractFlushingEventListener - Flushed: 0 (re)creations, 0 updates, 0 removals to 0 collections
2024-10-22 17:03:10 [http-nio-8080-exec-2] DEBUG org.hibernate.internal.util.EntityPrinter - Listing entities:
2024-10-22 17:03:10 [http-nio-8080-exec-2] DEBUG org.hibernate.internal.util.EntityPrinter - com.wavemaker.employee.entities.Employee{empId=0, gender=male, contact=123-456-7890, name=sathillkk reddy, age=30}
2024-10-22 17:03:10 [http-nio-8080-exec-2] DEBUG org.hibernate.SQL - insert into Employee (age, contact, gender, name, empId) values (?, ?, ?, ?, ?)
2024-10-22 17:03:10 [http-nio-8080-exec-2] DEBUG org.springframework.orm.hibernate5.HibernateTransactionManager - Closing Hibernate Session [SessionImpl(88176262<open>)] after transaction
2024-10-22 17:03:10 [http-nio-8080-exec-2] DEBUG org.hibernate.engine.jdbc.internal.JdbcCoordinatorImpl - HHH000420: Closing un-released batch
2024-10-22 17:03:10 [http-nio-8080-exec-2] DEBUG org.springframework.web.servlet.mvc.method.annotation.RequestResponseBodyMethodProcessor - Using 'application/json', given [*/*] and supported [application/json, application/*+json]
2024-10-22 17:03:10 [http-nio-8080-exec-2] DEBUG org.springframework.web.servlet.mvc.method.annotation.RequestResponseBodyMethodProcessor - Nothing to write: null body
2024-10-22 17:03:10 [http-nio-8080-exec-2] DEBUG org.springframework.web.servlet.DispatcherServlet - Completed 200 OK
2024-10-22 17:03:25 [http-nio-8080-exec-3] DEBUG org.springframework.web.servlet.DispatcherServlet - GET "/Employee/employeeManagement/2", parameters={}
2024-10-22 17:03:25 [http-nio-8080-exec-3] DEBUG org.springframework.web.servlet.mvc.method.annotation.RequestMappingHandlerMapping - Mapped to com.wavemaker.employee.controller.EmployeeController#getEmployeeByEmpId(int)
2024-10-22 17:03:26 [http-nio-8080-exec-3] DEBUG org.springframework.orm.hibernate5.HibernateTemplate - Could not retrieve pre-bound Hibernate session
org.hibernate.HibernateException: Could not obtain transaction-synchronized Session for current thread
	at org.springframework.orm.hibernate5.SpringSessionContext.currentSession(SpringSessionContext.java:140) ~[spring-orm-6.1.14.jar:6.1.14]
	at org.hibernate.internal.SessionFactoryImpl.getCurrentSession(SessionFactoryImpl.java:508) ~[hibernate-core-jakarta-5.6.15.Final.jar:5.6.15.Final]
	at org.springframework.orm.hibernate5.HibernateTemplate.doExecute(HibernateTemplate.java:351) ~[spring-orm-6.1.14.jar:6.1.14]
	at org.springframework.orm.hibernate5.HibernateTemplate.executeWithNativeSession(HibernateTemplate.java:333) ~[spring-orm-6.1.14.jar:6.1.14]
	at org.springframework.orm.hibernate5.HibernateTemplate.get(HibernateTemplate.java:450) ~[spring-orm-6.1.14.jar:6.1.14]
	at org.springframework.orm.hibernate5.HibernateTemplate.get(HibernateTemplate.java:444) ~[spring-orm-6.1.14.jar:6.1.14]
	at com.wavemaker.employee.repository.impl.EmployeeRepositoryInDbImpl.getEmployeeById(EmployeeRepositoryInDbImpl.java:36) ~[classes/:?]
	at java.base/jdk.internal.reflect.DirectMethodHandleAccessor.invoke(DirectMethodHandleAccessor.java:103) ~[?:?]
	at java.base/java.lang.reflect.Method.invoke(Method.java:580) ~[?:?]
	at org.springframework.aop.support.AopUtils.invokeJoinpointUsingReflection(AopUtils.java:355) ~[spring-aop-6.1.13.jar:6.1.13]
	at org.springframework.aop.framework.JdkDynamicAopProxy.invoke(JdkDynamicAopProxy.java:216) ~[spring-aop-6.1.13.jar:6.1.13]
	at jdk.proxy3/jdk.proxy3.$Proxy69.getEmployeeById(Unknown Source) ~[?:?]
	at com.wavemaker.employee.service.impl.EmployeeServiceImpl.getEmployeeById(EmployeeServiceImpl.java:26) ~[classes/:?]
	at com.wavemaker.employee.controller.EmployeeController.getEmployeeByEmpId(EmployeeController.java:25) ~[classes/:?]
	at java.base/jdk.internal.reflect.DirectMethodHandleAccessor.invoke(DirectMethodHandleAccessor.java:103) ~[?:?]
	at java.base/java.lang.reflect.Method.invoke(Method.java:580) ~[?:?]
	at org.springframework.web.method.support.InvocableHandlerMethod.doInvoke(InvocableHandlerMethod.java:255) ~[spring-web-6.1.13.jar:6.1.13]
	at org.springframework.web.method.support.InvocableHandlerMethod.invokeForRequest(InvocableHandlerMethod.java:188) ~[spring-web-6.1.13.jar:6.1.13]
	at org.springframework.web.servlet.mvc.method.annotation.ServletInvocableHandlerMethod.invokeAndHandle(ServletInvocableHandlerMethod.java:118) ~[spring-webmvc-6.1.13.jar:6.1.13]
	at org.springframework.web.servlet.mvc.method.annotation.RequestMappingHandlerAdapter.invokeHandlerMethod(RequestMappingHandlerAdapter.java:926) ~[spring-webmvc-6.1.13.jar:6.1.13]
	at org.springframework.web.servlet.mvc.method.annotation.RequestMappingHandlerAdapter.handleInternal(RequestMappingHandlerAdapter.java:831) ~[spring-webmvc-6.1.13.jar:6.1.13]
	at org.springframework.web.servlet.mvc.method.AbstractHandlerMethodAdapter.handle(AbstractHandlerMethodAdapter.java:87) ~[spring-webmvc-6.1.13.jar:6.1.13]
	at org.springframework.web.servlet.DispatcherServlet.doDispatch(DispatcherServlet.java:1089) ~[spring-webmvc-6.1.13.jar:6.1.13]
	at org.springframework.web.servlet.DispatcherServlet.doService(DispatcherServlet.java:979) ~[spring-webmvc-6.1.13.jar:6.1.13]
	at org.springframework.web.servlet.FrameworkServlet.processRequest(FrameworkServlet.java:1014) ~[spring-webmvc-6.1.13.jar:6.1.13]
	at org.springframework.web.servlet.FrameworkServlet.doGet(FrameworkServlet.java:903) ~[spring-webmvc-6.1.13.jar:6.1.13]
	at jakarta.servlet.http.HttpServlet.service(HttpServlet.java:564) ~[servlet-api.jar:6.0]
	at org.springframework.web.servlet.FrameworkServlet.service(FrameworkServlet.java:885) ~[spring-webmvc-6.1.13.jar:6.1.13]
	at jakarta.servlet.http.HttpServlet.service(HttpServlet.java:658) ~[servlet-api.jar:6.0]
	at org.apache.catalina.core.ApplicationFilterChain.internalDoFilter(ApplicationFilterChain.java:195) ~[catalina.jar:10.1.31]
	at org.apache.catalina.core.ApplicationFilterChain.doFilter(ApplicationFilterChain.java:140) ~[catalina.jar:10.1.31]
	at org.apache.tomcat.websocket.server.WsFilter.doFilter(WsFilter.java:51) ~[tomcat-websocket.jar:10.1.31]
	at org.apache.catalina.core.ApplicationFilterChain.internalDoFilter(ApplicationFilterChain.java:164) ~[catalina.jar:10.1.31]
	at org.apache.catalina.core.ApplicationFilterChain.doFilter(ApplicationFilterChain.java:140) ~[catalina.jar:10.1.31]
	at org.apache.catalina.core.StandardWrapperValve.invoke(StandardWrapperValve.java:167) ~[catalina.jar:10.1.31]
	at org.apache.catalina.core.StandardContextValve.invoke(StandardContextValve.java:90) ~[catalina.jar:10.1.31]
	at org.apache.catalina.authenticator.AuthenticatorBase.invoke(AuthenticatorBase.java:483) ~[catalina.jar:10.1.31]
	at org.apache.catalina.core.StandardHostValve.invoke(StandardHostValve.java:115) ~[catalina.jar:10.1.31]
	at org.apache.catalina.valves.ErrorReportValve.invoke(ErrorReportValve.java:93) ~[catalina.jar:10.1.31]
	at org.apache.catalina.valves.AbstractAccessLogValve.invoke(AbstractAccessLogValve.java:663) ~[catalina.jar:10.1.31]
	at org.apache.catalina.core.StandardEngineValve.invoke(StandardEngineValve.java:74) ~[catalina.jar:10.1.31]
	at org.apache.catalina.connector.CoyoteAdapter.service(CoyoteAdapter.java:344) ~[catalina.jar:10.1.31]
	at org.apache.coyote.http11.Http11Processor.service(Http11Processor.java:384) ~[tomcat-coyote.jar:10.1.31]
	at org.apache.coyote.AbstractProcessorLight.process(AbstractProcessorLight.java:63) ~[tomcat-coyote.jar:10.1.31]
	at org.apache.coyote.AbstractProtocol$ConnectionHandler.process(AbstractProtocol.java:905) ~[tomcat-coyote.jar:10.1.31]
	at org.apache.tomcat.util.net.NioEndpoint$SocketProcessor.doRun(NioEndpoint.java:1741) ~[tomcat-coyote.jar:10.1.31]
	at org.apache.tomcat.util.net.SocketProcessorBase.run(SocketProcessorBase.java:52) ~[tomcat-coyote.jar:10.1.31]
	at org.apache.tomcat.util.threads.ThreadPoolExecutor.runWorker(ThreadPoolExecutor.java:1190) ~[tomcat-util.jar:10.1.31]
	at org.apache.tomcat.util.threads.ThreadPoolExecutor$Worker.run(ThreadPoolExecutor.java:659) ~[tomcat-util.jar:10.1.31]
	at org.apache.tomcat.util.threads.TaskThread$WrappingRunnable.run(TaskThread.java:63) ~[tomcat-util.jar:10.1.31]
	at java.base/java.lang.Thread.run(Thread.java:1583) [?:?]
2024-10-22 17:03:26 [http-nio-8080-exec-3] DEBUG org.hibernate.SQL - select employee0_.empId as empid1_0_0_, employee0_.age as age2_0_0_, employee0_.contact as contact3_0_0_, employee0_.gender as gender4_0_0_, employee0_.name as name5_0_0_ from Employee employee0_ where employee0_.empId=?
2024-10-22 17:03:26 [http-nio-8080-exec-3] DEBUG org.springframework.jdbc.datasource.DriverManagerDataSource - Creating new JDBC DriverManager Connection to [jdbc:mysql://127.0.0.1:3306/springjdbc]
2024-10-22 17:03:26 [http-nio-8080-exec-3] DEBUG org.hibernate.loader.plan.exec.process.internal.EntityReferenceInitializerImpl - On call to EntityIdentifierReaderImpl#resolve, EntityKey was already known; should only happen on root returns with an optional identifier specified
2024-10-22 17:03:26 [http-nio-8080-exec-3] DEBUG org.hibernate.engine.internal.TwoPhaseLoad - Resolving attributes for [com.wavemaker.employee.entities.Employee#2]
2024-10-22 17:03:26 [http-nio-8080-exec-3] DEBUG org.hibernate.engine.internal.TwoPhaseLoad - Processing attribute `age` : value = 30
2024-10-22 17:03:26 [http-nio-8080-exec-3] DEBUG org.hibernate.engine.internal.TwoPhaseLoad - Attribute (`age`)  - enhanced for lazy-loading? - false
2024-10-22 17:03:26 [http-nio-8080-exec-3] DEBUG org.hibernate.engine.internal.TwoPhaseLoad - Processing attribute `contact` : value = 123-456-7890
2024-10-22 17:03:26 [http-nio-8080-exec-3] DEBUG org.hibernate.engine.internal.TwoPhaseLoad - Attribute (`contact`)  - enhanced for lazy-loading? - false
2024-10-22 17:03:26 [http-nio-8080-exec-3] DEBUG org.hibernate.engine.internal.TwoPhaseLoad - Processing attribute `gender` : value = Male
2024-10-22 17:03:26 [http-nio-8080-exec-3] DEBUG org.hibernate.engine.internal.TwoPhaseLoad - Attribute (`gender`)  - enhanced for lazy-loading? - false
2024-10-22 17:03:26 [http-nio-8080-exec-3] DEBUG org.hibernate.engine.internal.TwoPhaseLoad - Processing attribute `name` : value = ashwini
2024-10-22 17:03:26 [http-nio-8080-exec-3] DEBUG org.hibernate.engine.internal.TwoPhaseLoad - Attribute (`name`)  - enhanced for lazy-loading? - false
2024-10-22 17:03:26 [http-nio-8080-exec-3] DEBUG org.hibernate.engine.internal.TwoPhaseLoad - Done materializing entity [com.wavemaker.employee.entities.Employee#2]
2024-10-22 17:03:26 [http-nio-8080-exec-3] DEBUG org.hibernate.loader.entity.plan.AbstractLoadPlanBasedEntityLoader - Done entity load : com.wavemaker.employee.entities.Employee#2
2024-10-22 17:03:26 [http-nio-8080-exec-3] DEBUG org.springframework.web.servlet.mvc.method.annotation.RequestResponseBodyMethodProcessor - Using 'application/json', given [*/*] and supported [application/json, application/*+json]
2024-10-22 17:03:26 [http-nio-8080-exec-3] DEBUG org.springframework.web.servlet.mvc.method.annotation.RequestResponseBodyMethodProcessor - Writing [Employee{empId=2, name='ashwini', age=30, contact='123-456-7890', gender='Male'}]
2024-10-22 17:03:26 [http-nio-8080-exec-3] DEBUG org.springframework.web.servlet.DispatcherServlet - Completed 200 OK
2024-10-22 17:03:30 [http-nio-8080-exec-5] DEBUG org.springframework.web.servlet.DispatcherServlet - GET "/Employee/employeeManagement/getAllEmployees", parameters={}
2024-10-22 17:03:30 [http-nio-8080-exec-5] DEBUG org.springframework.web.servlet.mvc.method.annotation.RequestMappingHandlerMapping - Mapped to com.wavemaker.employee.controller.EmployeeController#getAllEmployees()
2024-10-22 17:03:30 [http-nio-8080-exec-5] DEBUG org.springframework.orm.hibernate5.HibernateTemplate - Could not retrieve pre-bound Hibernate session
org.hibernate.HibernateException: Could not obtain transaction-synchronized Session for current thread
	at org.springframework.orm.hibernate5.SpringSessionContext.currentSession(SpringSessionContext.java:140) ~[spring-orm-6.1.14.jar:6.1.14]
	at org.hibernate.internal.SessionFactoryImpl.getCurrentSession(SessionFactoryImpl.java:508) ~[hibernate-core-jakarta-5.6.15.Final.jar:5.6.15.Final]
	at org.springframework.orm.hibernate5.HibernateTemplate.doExecute(HibernateTemplate.java:351) ~[spring-orm-6.1.14.jar:6.1.14]
	at org.springframework.orm.hibernate5.HibernateTemplate.executeWithNativeSession(HibernateTemplate.java:333) ~[spring-orm-6.1.14.jar:6.1.14]
	at org.springframework.orm.hibernate5.HibernateTemplate.loadAll(HibernateTemplate.java:518) ~[spring-orm-6.1.14.jar:6.1.14]
	at com.wavemaker.employee.repository.impl.EmployeeRepositoryInDbImpl.getAllEmployees(EmployeeRepositoryInDbImpl.java:42) ~[classes/:?]
	at java.base/jdk.internal.reflect.DirectMethodHandleAccessor.invoke(DirectMethodHandleAccessor.java:103) ~[?:?]
	at java.base/java.lang.reflect.Method.invoke(Method.java:580) ~[?:?]
	at org.springframework.aop.support.AopUtils.invokeJoinpointUsingReflection(AopUtils.java:355) ~[spring-aop-6.1.13.jar:6.1.13]
	at org.springframework.aop.framework.JdkDynamicAopProxy.invoke(JdkDynamicAopProxy.java:216) ~[spring-aop-6.1.13.jar:6.1.13]
	at jdk.proxy3/jdk.proxy3.$Proxy69.getAllEmployees(Unknown Source) ~[?:?]
	at com.wavemaker.employee.service.impl.EmployeeServiceImpl.getAllEmployees(EmployeeServiceImpl.java:31) ~[classes/:?]
	at com.wavemaker.employee.controller.EmployeeController.getAllEmployees(EmployeeController.java:30) ~[classes/:?]
	at java.base/jdk.internal.reflect.DirectMethodHandleAccessor.invoke(DirectMethodHandleAccessor.java:103) ~[?:?]
	at java.base/java.lang.reflect.Method.invoke(Method.java:580) ~[?:?]
	at org.springframework.web.method.support.InvocableHandlerMethod.doInvoke(InvocableHandlerMethod.java:255) ~[spring-web-6.1.13.jar:6.1.13]
	at org.springframework.web.method.support.InvocableHandlerMethod.invokeForRequest(InvocableHandlerMethod.java:188) ~[spring-web-6.1.13.jar:6.1.13]
	at org.springframework.web.servlet.mvc.method.annotation.ServletInvocableHandlerMethod.invokeAndHandle(ServletInvocableHandlerMethod.java:118) ~[spring-webmvc-6.1.13.jar:6.1.13]
	at org.springframework.web.servlet.mvc.method.annotation.RequestMappingHandlerAdapter.invokeHandlerMethod(RequestMappingHandlerAdapter.java:926) ~[spring-webmvc-6.1.13.jar:6.1.13]
	at org.springframework.web.servlet.mvc.method.annotation.RequestMappingHandlerAdapter.handleInternal(RequestMappingHandlerAdapter.java:831) ~[spring-webmvc-6.1.13.jar:6.1.13]
	at org.springframework.web.servlet.mvc.method.AbstractHandlerMethodAdapter.handle(AbstractHandlerMethodAdapter.java:87) ~[spring-webmvc-6.1.13.jar:6.1.13]
	at org.springframework.web.servlet.DispatcherServlet.doDispatch(DispatcherServlet.java:1089) ~[spring-webmvc-6.1.13.jar:6.1.13]
	at org.springframework.web.servlet.DispatcherServlet.doService(DispatcherServlet.java:979) ~[spring-webmvc-6.1.13.jar:6.1.13]
	at org.springframework.web.servlet.FrameworkServlet.processRequest(FrameworkServlet.java:1014) ~[spring-webmvc-6.1.13.jar:6.1.13]
	at org.springframework.web.servlet.FrameworkServlet.doGet(FrameworkServlet.java:903) ~[spring-webmvc-6.1.13.jar:6.1.13]
	at jakarta.servlet.http.HttpServlet.service(HttpServlet.java:564) ~[servlet-api.jar:6.0]
	at org.springframework.web.servlet.FrameworkServlet.service(FrameworkServlet.java:885) ~[spring-webmvc-6.1.13.jar:6.1.13]
	at jakarta.servlet.http.HttpServlet.service(HttpServlet.java:658) ~[servlet-api.jar:6.0]
	at org.apache.catalina.core.ApplicationFilterChain.internalDoFilter(ApplicationFilterChain.java:195) ~[catalina.jar:10.1.31]
	at org.apache.catalina.core.ApplicationFilterChain.doFilter(ApplicationFilterChain.java:140) ~[catalina.jar:10.1.31]
	at org.apache.tomcat.websocket.server.WsFilter.doFilter(WsFilter.java:51) ~[tomcat-websocket.jar:10.1.31]
	at org.apache.catalina.core.ApplicationFilterChain.internalDoFilter(ApplicationFilterChain.java:164) ~[catalina.jar:10.1.31]
	at org.apache.catalina.core.ApplicationFilterChain.doFilter(ApplicationFilterChain.java:140) ~[catalina.jar:10.1.31]
	at org.apache.catalina.core.StandardWrapperValve.invoke(StandardWrapperValve.java:167) ~[catalina.jar:10.1.31]
	at org.apache.catalina.core.StandardContextValve.invoke(StandardContextValve.java:90) ~[catalina.jar:10.1.31]
	at org.apache.catalina.authenticator.AuthenticatorBase.invoke(AuthenticatorBase.java:483) ~[catalina.jar:10.1.31]
	at org.apache.catalina.core.StandardHostValve.invoke(StandardHostValve.java:115) ~[catalina.jar:10.1.31]
	at org.apache.catalina.valves.ErrorReportValve.invoke(ErrorReportValve.java:93) ~[catalina.jar:10.1.31]
	at org.apache.catalina.valves.AbstractAccessLogValve.invoke(AbstractAccessLogValve.java:663) ~[catalina.jar:10.1.31]
	at org.apache.catalina.core.StandardEngineValve.invoke(StandardEngineValve.java:74) ~[catalina.jar:10.1.31]
	at org.apache.catalina.connector.CoyoteAdapter.service(CoyoteAdapter.java:344) ~[catalina.jar:10.1.31]
	at org.apache.coyote.http11.Http11Processor.service(Http11Processor.java:384) ~[tomcat-coyote.jar:10.1.31]
	at org.apache.coyote.AbstractProcessorLight.process(AbstractProcessorLight.java:63) ~[tomcat-coyote.jar:10.1.31]
	at org.apache.coyote.AbstractProtocol$ConnectionHandler.process(AbstractProtocol.java:905) ~[tomcat-coyote.jar:10.1.31]
	at org.apache.tomcat.util.net.NioEndpoint$SocketProcessor.doRun(NioEndpoint.java:1741) ~[tomcat-coyote.jar:10.1.31]
	at org.apache.tomcat.util.net.SocketProcessorBase.run(SocketProcessorBase.java:52) ~[tomcat-coyote.jar:10.1.31]
	at org.apache.tomcat.util.threads.ThreadPoolExecutor.runWorker(ThreadPoolExecutor.java:1190) ~[tomcat-util.jar:10.1.31]
	at org.apache.tomcat.util.threads.ThreadPoolExecutor$Worker.run(ThreadPoolExecutor.java:659) ~[tomcat-util.jar:10.1.31]
	at org.apache.tomcat.util.threads.TaskThread$WrappingRunnable.run(TaskThread.java:63) ~[tomcat-util.jar:10.1.31]
	at java.base/java.lang.Thread.run(Thread.java:1583) [?:?]
2024-10-22 17:03:30 [http-nio-8080-exec-5] WARN  org.hibernate.orm.deprecation - HHH90000022: Hibernate's legacy org.hibernate.Criteria API is deprecated; use the JPA jakarta.persistence.criteria.CriteriaQuery instead
2024-10-22 17:03:30 [http-nio-8080-exec-5] DEBUG org.hibernate.SQL - select this_.empId as empid1_0_0_, this_.age as age2_0_0_, this_.contact as contact3_0_0_, this_.gender as gender4_0_0_, this_.name as name5_0_0_ from Employee this_
2024-10-22 17:03:30 [http-nio-8080-exec-5] DEBUG org.springframework.jdbc.datasource.DriverManagerDataSource - Creating new JDBC DriverManager Connection to [jdbc:mysql://127.0.0.1:3306/springjdbc]
2024-10-22 17:03:30 [http-nio-8080-exec-5] DEBUG org.hibernate.loader.Loader - Result set row: 0
2024-10-22 17:03:30 [http-nio-8080-exec-5] DEBUG org.hibernate.loader.Loader - Result row: EntityKey[com.wavemaker.employee.entities.Employee#2]
2024-10-22 17:03:30 [http-nio-8080-exec-5] DEBUG org.hibernate.loader.Loader - Result set row: 1
2024-10-22 17:03:30 [http-nio-8080-exec-5] DEBUG org.hibernate.loader.Loader - Result row: EntityKey[com.wavemaker.employee.entities.Employee#3]
2024-10-22 17:03:30 [http-nio-8080-exec-5] DEBUG org.hibernate.loader.Loader - Result set row: 2
2024-10-22 17:03:30 [http-nio-8080-exec-5] DEBUG org.hibernate.loader.Loader - Result row: EntityKey[com.wavemaker.employee.entities.Employee#4]
2024-10-22 17:03:30 [http-nio-8080-exec-5] DEBUG org.hibernate.loader.Loader - Result set row: 3
2024-10-22 17:03:30 [http-nio-8080-exec-5] DEBUG org.hibernate.loader.Loader - Result row: EntityKey[com.wavemaker.employee.entities.Employee#5]
2024-10-22 17:03:30 [http-nio-8080-exec-5] DEBUG org.hibernate.loader.Loader - Result set row: 4
2024-10-22 17:03:30 [http-nio-8080-exec-5] DEBUG org.hibernate.loader.Loader - Result row: EntityKey[com.wavemaker.employee.entities.Employee#6]
2024-10-22 17:03:30 [http-nio-8080-exec-5] DEBUG org.hibernate.loader.Loader - Result set row: 5
2024-10-22 17:03:30 [http-nio-8080-exec-5] DEBUG org.hibernate.loader.Loader - Result row: EntityKey[com.wavemaker.employee.entities.Employee#7]
2024-10-22 17:03:30 [http-nio-8080-exec-5] DEBUG org.hibernate.loader.Loader - Result set row: 6
2024-10-22 17:03:30 [http-nio-8080-exec-5] DEBUG org.hibernate.loader.Loader - Result row: EntityKey[com.wavemaker.employee.entities.Employee#8]
2024-10-22 17:03:30 [http-nio-8080-exec-5] DEBUG org.hibernate.loader.Loader - Result set row: 7
2024-10-22 17:03:30 [http-nio-8080-exec-5] DEBUG org.hibernate.loader.Loader - Result row: EntityKey[com.wavemaker.employee.entities.Employee#9]
2024-10-22 17:03:30 [http-nio-8080-exec-5] DEBUG org.hibernate.loader.Loader - Result set row: 8
2024-10-22 17:03:30 [http-nio-8080-exec-5] DEBUG org.hibernate.loader.Loader - Result row: EntityKey[com.wavemaker.employee.entities.Employee#10]
2024-10-22 17:03:30 [http-nio-8080-exec-5] DEBUG org.hibernate.loader.Loader - Result set row: 9
2024-10-22 17:03:30 [http-nio-8080-exec-5] DEBUG org.hibernate.loader.Loader - Result row: EntityKey[com.wavemaker.employee.entities.Employee#11]
2024-10-22 17:03:30 [http-nio-8080-exec-5] DEBUG org.hibernate.loader.Loader - Result set row: 10
2024-10-22 17:03:30 [http-nio-8080-exec-5] DEBUG org.hibernate.loader.Loader - Result row: EntityKey[com.wavemaker.employee.entities.Employee#12]
2024-10-22 17:03:30 [http-nio-8080-exec-5] DEBUG org.hibernate.loader.Loader - Result set row: 11
2024-10-22 17:03:30 [http-nio-8080-exec-5] DEBUG org.hibernate.loader.Loader - Result row: EntityKey[com.wavemaker.employee.entities.Employee#13]
2024-10-22 17:03:30 [http-nio-8080-exec-5] DEBUG org.hibernate.loader.Loader - Result set row: 12
2024-10-22 17:03:30 [http-nio-8080-exec-5] DEBUG org.hibernate.loader.Loader - Result row: EntityKey[com.wavemaker.employee.entities.Employee#14]
2024-10-22 17:03:30 [http-nio-8080-exec-5] DEBUG org.hibernate.loader.Loader - Result set row: 13
2024-10-22 17:03:30 [http-nio-8080-exec-5] DEBUG org.hibernate.loader.Loader - Result row: EntityKey[com.wavemaker.employee.entities.Employee#15]
2024-10-22 17:03:30 [http-nio-8080-exec-5] DEBUG org.hibernate.loader.Loader - Result set row: 14
2024-10-22 17:03:30 [http-nio-8080-exec-5] DEBUG org.hibernate.loader.Loader - Result row: EntityKey[com.wavemaker.employee.entities.Employee#18]
2024-10-22 17:03:30 [http-nio-8080-exec-5] DEBUG org.hibernate.engine.internal.TwoPhaseLoad - Resolving attributes for [com.wavemaker.employee.entities.Employee#2]
2024-10-22 17:03:30 [http-nio-8080-exec-5] DEBUG org.hibernate.engine.internal.TwoPhaseLoad - Processing attribute `age` : value = 30
2024-10-22 17:03:30 [http-nio-8080-exec-5] DEBUG org.hibernate.engine.internal.TwoPhaseLoad - Attribute (`age`)  - enhanced for lazy-loading? - false
2024-10-22 17:03:30 [http-nio-8080-exec-5] DEBUG org.hibernate.engine.internal.TwoPhaseLoad - Processing attribute `contact` : value = 123-456-7890
2024-10-22 17:03:30 [http-nio-8080-exec-5] DEBUG org.hibernate.engine.internal.TwoPhaseLoad - Attribute (`contact`)  - enhanced for lazy-loading? - false
2024-10-22 17:03:30 [http-nio-8080-exec-5] DEBUG org.hibernate.engine.internal.TwoPhaseLoad - Processing attribute `gender` : value = Male
2024-10-22 17:03:30 [http-nio-8080-exec-5] DEBUG org.hibernate.engine.internal.TwoPhaseLoad - Attribute (`gender`)  - enhanced for lazy-loading? - false
2024-10-22 17:03:30 [http-nio-8080-exec-5] DEBUG org.hibernate.engine.internal.TwoPhaseLoad - Processing attribute `name` : value = ashwini
2024-10-22 17:03:30 [http-nio-8080-exec-5] DEBUG org.hibernate.engine.internal.TwoPhaseLoad - Attribute (`name`)  - enhanced for lazy-loading? - false
2024-10-22 17:03:30 [http-nio-8080-exec-5] DEBUG org.hibernate.engine.internal.TwoPhaseLoad - Done materializing entity [com.wavemaker.employee.entities.Employee#2]
2024-10-22 17:03:30 [http-nio-8080-exec-5] DEBUG org.hibernate.engine.internal.TwoPhaseLoad - Resolving attributes for [com.wavemaker.employee.entities.Employee#3]
2024-10-22 17:03:30 [http-nio-8080-exec-5] DEBUG org.hibernate.engine.internal.TwoPhaseLoad - Processing attribute `age` : value = 23
2024-10-22 17:03:30 [http-nio-8080-exec-5] DEBUG org.hibernate.engine.internal.TwoPhaseLoad - Attribute (`age`)  - enhanced for lazy-loading? - false
2024-10-22 17:03:30 [http-nio-8080-exec-5] DEBUG org.hibernate.engine.internal.TwoPhaseLoad - Processing attribute `contact` : value = 34567
2024-10-22 17:03:30 [http-nio-8080-exec-5] DEBUG org.hibernate.engine.internal.TwoPhaseLoad - Attribute (`contact`)  - enhanced for lazy-loading? - false
2024-10-22 17:03:30 [http-nio-8080-exec-5] DEBUG org.hibernate.engine.internal.TwoPhaseLoad - Processing attribute `gender` : value = Female
2024-10-22 17:03:30 [http-nio-8080-exec-5] DEBUG org.hibernate.engine.internal.TwoPhaseLoad - Attribute (`gender`)  - enhanced for lazy-loading? - false
2024-10-22 17:03:30 [http-nio-8080-exec-5] DEBUG org.hibernate.engine.internal.TwoPhaseLoad - Processing attribute `name` : value = ashu
2024-10-22 17:03:30 [http-nio-8080-exec-5] DEBUG org.hibernate.engine.internal.TwoPhaseLoad - Attribute (`name`)  - enhanced for lazy-loading? - false
2024-10-22 17:03:30 [http-nio-8080-exec-5] DEBUG org.hibernate.engine.internal.TwoPhaseLoad - Done materializing entity [com.wavemaker.employee.entities.Employee#3]
2024-10-22 17:03:30 [http-nio-8080-exec-5] DEBUG org.hibernate.engine.internal.TwoPhaseLoad - Resolving attributes for [com.wavemaker.employee.entities.Employee#4]
2024-10-22 17:03:30 [http-nio-8080-exec-5] DEBUG org.hibernate.engine.internal.TwoPhaseLoad - Processing attribute `age` : value = 22
2024-10-22 17:03:30 [http-nio-8080-exec-5] DEBUG org.hibernate.engine.internal.TwoPhaseLoad - Attribute (`age`)  - enhanced for lazy-loading? - false
2024-10-22 17:03:30 [http-nio-8080-exec-5] DEBUG org.hibernate.engine.internal.TwoPhaseLoad - Processing attribute `contact` : value = 34567
2024-10-22 17:03:30 [http-nio-8080-exec-5] DEBUG org.hibernate.engine.internal.TwoPhaseLoad - Attribute (`contact`)  - enhanced for lazy-loading? - false
2024-10-22 17:03:30 [http-nio-8080-exec-5] DEBUG org.hibernate.engine.internal.TwoPhaseLoad - Processing attribute `gender` : value = Female
2024-10-22 17:03:30 [http-nio-8080-exec-5] DEBUG org.hibernate.engine.internal.TwoPhaseLoad - Attribute (`gender`)  - enhanced for lazy-loading? - false
2024-10-22 17:03:30 [http-nio-8080-exec-5] DEBUG org.hibernate.engine.internal.TwoPhaseLoad - Processing attribute `name` : value = roopa
2024-10-22 17:03:30 [http-nio-8080-exec-5] DEBUG org.hibernate.engine.internal.TwoPhaseLoad - Attribute (`name`)  - enhanced for lazy-loading? - false
2024-10-22 17:03:30 [http-nio-8080-exec-5] DEBUG org.hibernate.engine.internal.TwoPhaseLoad - Done materializing entity [com.wavemaker.employee.entities.Employee#4]
2024-10-22 17:03:30 [http-nio-8080-exec-5] DEBUG org.hibernate.engine.internal.TwoPhaseLoad - Resolving attributes for [com.wavemaker.employee.entities.Employee#5]
2024-10-22 17:03:30 [http-nio-8080-exec-5] DEBUG org.hibernate.engine.internal.TwoPhaseLoad - Processing attribute `age` : value = 23
2024-10-22 17:03:30 [http-nio-8080-exec-5] DEBUG org.hibernate.engine.internal.TwoPhaseLoad - Attribute (`age`)  - enhanced for lazy-loading? - false
2024-10-22 17:03:30 [http-nio-8080-exec-5] DEBUG org.hibernate.engine.internal.TwoPhaseLoad - Processing attribute `contact` : value = 908076
2024-10-22 17:03:30 [http-nio-8080-exec-5] DEBUG org.hibernate.engine.internal.TwoPhaseLoad - Attribute (`contact`)  - enhanced for lazy-loading? - false
2024-10-22 17:03:30 [http-nio-8080-exec-5] DEBUG org.hibernate.engine.internal.TwoPhaseLoad - Processing attribute `gender` : value = Female
2024-10-22 17:03:30 [http-nio-8080-exec-5] DEBUG org.hibernate.engine.internal.TwoPhaseLoad - Attribute (`gender`)  - enhanced for lazy-loading? - false
2024-10-22 17:03:30 [http-nio-8080-exec-5] DEBUG org.hibernate.engine.internal.TwoPhaseLoad - Processing attribute `name` : value = ashu
2024-10-22 17:03:30 [http-nio-8080-exec-5] DEBUG org.hibernate.engine.internal.TwoPhaseLoad - Attribute (`name`)  - enhanced for lazy-loading? - false
2024-10-22 17:03:30 [http-nio-8080-exec-5] DEBUG org.hibernate.engine.internal.TwoPhaseLoad - Done materializing entity [com.wavemaker.employee.entities.Employee#5]
2024-10-22 17:03:30 [http-nio-8080-exec-5] DEBUG org.hibernate.engine.internal.TwoPhaseLoad - Resolving attributes for [com.wavemaker.employee.entities.Employee#6]
2024-10-22 17:03:30 [http-nio-8080-exec-5] DEBUG org.hibernate.engine.internal.TwoPhaseLoad - Processing attribute `age` : value = 22
2024-10-22 17:03:30 [http-nio-8080-exec-5] DEBUG org.hibernate.engine.internal.TwoPhaseLoad - Attribute (`age`)  - enhanced for lazy-loading? - false
2024-10-22 17:03:30 [http-nio-8080-exec-5] DEBUG org.hibernate.engine.internal.TwoPhaseLoad - Processing attribute `contact` : value = 7897
2024-10-22 17:03:30 [http-nio-8080-exec-5] DEBUG org.hibernate.engine.internal.TwoPhaseLoad - Attribute (`contact`)  - enhanced for lazy-loading? - false
2024-10-22 17:03:30 [http-nio-8080-exec-5] DEBUG org.hibernate.engine.internal.TwoPhaseLoad - Processing attribute `gender` : value = Female
2024-10-22 17:03:30 [http-nio-8080-exec-5] DEBUG org.hibernate.engine.internal.TwoPhaseLoad - Attribute (`gender`)  - enhanced for lazy-loading? - false
2024-10-22 17:03:30 [http-nio-8080-exec-5] DEBUG org.hibernate.engine.internal.TwoPhaseLoad - Processing attribute `name` : value = roopa
2024-10-22 17:03:30 [http-nio-8080-exec-5] DEBUG org.hibernate.engine.internal.TwoPhaseLoad - Attribute (`name`)  - enhanced for lazy-loading? - false
2024-10-22 17:03:30 [http-nio-8080-exec-5] DEBUG org.hibernate.engine.internal.TwoPhaseLoad - Done materializing entity [com.wavemaker.employee.entities.Employee#6]
2024-10-22 17:03:30 [http-nio-8080-exec-5] DEBUG org.hibernate.engine.internal.TwoPhaseLoad - Resolving attributes for [com.wavemaker.employee.entities.Employee#7]
2024-10-22 17:03:30 [http-nio-8080-exec-5] DEBUG org.hibernate.engine.internal.TwoPhaseLoad - Processing attribute `age` : value = 23
2024-10-22 17:03:30 [http-nio-8080-exec-5] DEBUG org.hibernate.engine.internal.TwoPhaseLoad - Attribute (`age`)  - enhanced for lazy-loading? - false
2024-10-22 17:03:30 [http-nio-8080-exec-5] DEBUG org.hibernate.engine.internal.TwoPhaseLoad - Processing attribute `contact` : value = 897966
2024-10-22 17:03:30 [http-nio-8080-exec-5] DEBUG org.hibernate.engine.internal.TwoPhaseLoad - Attribute (`contact`)  - enhanced for lazy-loading? - false
2024-10-22 17:03:30 [http-nio-8080-exec-5] DEBUG org.hibernate.engine.internal.TwoPhaseLoad - Processing attribute `gender` : value = Female
2024-10-22 17:03:30 [http-nio-8080-exec-5] DEBUG org.hibernate.engine.internal.TwoPhaseLoad - Attribute (`gender`)  - enhanced for lazy-loading? - false
2024-10-22 17:03:30 [http-nio-8080-exec-5] DEBUG org.hibernate.engine.internal.TwoPhaseLoad - Processing attribute `name` : value = ashu
2024-10-22 17:03:30 [http-nio-8080-exec-5] DEBUG org.hibernate.engine.internal.TwoPhaseLoad - Attribute (`name`)  - enhanced for lazy-loading? - false
2024-10-22 17:03:30 [http-nio-8080-exec-5] DEBUG org.hibernate.engine.internal.TwoPhaseLoad - Done materializing entity [com.wavemaker.employee.entities.Employee#7]
2024-10-22 17:03:30 [http-nio-8080-exec-5] DEBUG org.hibernate.engine.internal.TwoPhaseLoad - Resolving attributes for [com.wavemaker.employee.entities.Employee#8]
2024-10-22 17:03:30 [http-nio-8080-exec-5] DEBUG org.hibernate.engine.internal.TwoPhaseLoad - Processing attribute `age` : value = 22
2024-10-22 17:03:30 [http-nio-8080-exec-5] DEBUG org.hibernate.engine.internal.TwoPhaseLoad - Attribute (`age`)  - enhanced for lazy-loading? - false
2024-10-22 17:03:30 [http-nio-8080-exec-5] DEBUG org.hibernate.engine.internal.TwoPhaseLoad - Processing attribute `contact` : value = 34567
2024-10-22 17:03:30 [http-nio-8080-exec-5] DEBUG org.hibernate.engine.internal.TwoPhaseLoad - Attribute (`contact`)  - enhanced for lazy-loading? - false
2024-10-22 17:03:30 [http-nio-8080-exec-5] DEBUG org.hibernate.engine.internal.TwoPhaseLoad - Processing attribute `gender` : value = Female
2024-10-22 17:03:30 [http-nio-8080-exec-5] DEBUG org.hibernate.engine.internal.TwoPhaseLoad - Attribute (`gender`)  - enhanced for lazy-loading? - false
2024-10-22 17:03:30 [http-nio-8080-exec-5] DEBUG org.hibernate.engine.internal.TwoPhaseLoad - Processing attribute `name` : value = roopa
2024-10-22 17:03:30 [http-nio-8080-exec-5] DEBUG org.hibernate.engine.internal.TwoPhaseLoad - Attribute (`name`)  - enhanced for lazy-loading? - false
2024-10-22 17:03:30 [http-nio-8080-exec-5] DEBUG org.hibernate.engine.internal.TwoPhaseLoad - Done materializing entity [com.wavemaker.employee.entities.Employee#8]
2024-10-22 17:03:30 [http-nio-8080-exec-5] DEBUG org.hibernate.engine.internal.TwoPhaseLoad - Resolving attributes for [com.wavemaker.employee.entities.Employee#9]
2024-10-22 17:03:30 [http-nio-8080-exec-5] DEBUG org.hibernate.engine.internal.TwoPhaseLoad - Processing attribute `age` : value = 22
2024-10-22 17:03:30 [http-nio-8080-exec-5] DEBUG org.hibernate.engine.internal.TwoPhaseLoad - Attribute (`age`)  - enhanced for lazy-loading? - false
2024-10-22 17:03:30 [http-nio-8080-exec-5] DEBUG org.hibernate.engine.internal.TwoPhaseLoad - Processing attribute `contact` : value = 7075072569
2024-10-22 17:03:30 [http-nio-8080-exec-5] DEBUG org.hibernate.engine.internal.TwoPhaseLoad - Attribute (`contact`)  - enhanced for lazy-loading? - false
2024-10-22 17:03:30 [http-nio-8080-exec-5] DEBUG org.hibernate.engine.internal.TwoPhaseLoad - Processing attribute `gender` : value = Female
2024-10-22 17:03:30 [http-nio-8080-exec-5] DEBUG org.hibernate.engine.internal.TwoPhaseLoad - Attribute (`gender`)  - enhanced for lazy-loading? - false
2024-10-22 17:03:30 [http-nio-8080-exec-5] DEBUG org.hibernate.engine.internal.TwoPhaseLoad - Processing attribute `name` : value = roopa
2024-10-22 17:03:30 [http-nio-8080-exec-5] DEBUG org.hibernate.engine.internal.TwoPhaseLoad - Attribute (`name`)  - enhanced for lazy-loading? - false
2024-10-22 17:03:30 [http-nio-8080-exec-5] DEBUG org.hibernate.engine.internal.TwoPhaseLoad - Done materializing entity [com.wavemaker.employee.entities.Employee#9]
2024-10-22 17:03:30 [http-nio-8080-exec-5] DEBUG org.hibernate.engine.internal.TwoPhaseLoad - Resolving attributes for [com.wavemaker.employee.entities.Employee#10]
2024-10-22 17:03:30 [http-nio-8080-exec-5] DEBUG org.hibernate.engine.internal.TwoPhaseLoad - Processing attribute `age` : value = 23
2024-10-22 17:03:30 [http-nio-8080-exec-5] DEBUG org.hibernate.engine.internal.TwoPhaseLoad - Attribute (`age`)  - enhanced for lazy-loading? - false
2024-10-22 17:03:30 [http-nio-8080-exec-5] DEBUG org.hibernate.engine.internal.TwoPhaseLoad - Processing attribute `contact` : value = 8008727045
2024-10-22 17:03:30 [http-nio-8080-exec-5] DEBUG org.hibernate.engine.internal.TwoPhaseLoad - Attribute (`contact`)  - enhanced for lazy-loading? - false
2024-10-22 17:03:30 [http-nio-8080-exec-5] DEBUG org.hibernate.engine.internal.TwoPhaseLoad - Processing attribute `gender` : value = Male
2024-10-22 17:03:30 [http-nio-8080-exec-5] DEBUG org.hibernate.engine.internal.TwoPhaseLoad - Attribute (`gender`)  - enhanced for lazy-loading? - false
2024-10-22 17:03:30 [http-nio-8080-exec-5] DEBUG org.hibernate.engine.internal.TwoPhaseLoad - Processing attribute `name` : value = kushul redy
2024-10-22 17:03:30 [http-nio-8080-exec-5] DEBUG org.hibernate.engine.internal.TwoPhaseLoad - Attribute (`name`)  - enhanced for lazy-loading? - false
2024-10-22 17:03:30 [http-nio-8080-exec-5] DEBUG org.hibernate.engine.internal.TwoPhaseLoad - Done materializing entity [com.wavemaker.employee.entities.Employee#10]
2024-10-22 17:03:30 [http-nio-8080-exec-5] DEBUG org.hibernate.engine.internal.TwoPhaseLoad - Resolving attributes for [com.wavemaker.employee.entities.Employee#11]
2024-10-22 17:03:30 [http-nio-8080-exec-5] DEBUG org.hibernate.engine.internal.TwoPhaseLoad - Processing attribute `age` : value = 22
2024-10-22 17:03:30 [http-nio-8080-exec-5] DEBUG org.hibernate.engine.internal.TwoPhaseLoad - Attribute (`age`)  - enhanced for lazy-loading? - false
2024-10-22 17:03:30 [http-nio-8080-exec-5] DEBUG org.hibernate.engine.internal.TwoPhaseLoad - Processing attribute `contact` : value = 89899
2024-10-22 17:03:30 [http-nio-8080-exec-5] DEBUG org.hibernate.engine.internal.TwoPhaseLoad - Attribute (`contact`)  - enhanced for lazy-loading? - false
2024-10-22 17:03:30 [http-nio-8080-exec-5] DEBUG org.hibernate.engine.internal.TwoPhaseLoad - Processing attribute `gender` : value = Female
2024-10-22 17:03:30 [http-nio-8080-exec-5] DEBUG org.hibernate.engine.internal.TwoPhaseLoad - Attribute (`gender`)  - enhanced for lazy-loading? - false
2024-10-22 17:03:30 [http-nio-8080-exec-5] DEBUG org.hibernate.engine.internal.TwoPhaseLoad - Processing attribute `name` : value = nandu
2024-10-22 17:03:30 [http-nio-8080-exec-5] DEBUG org.hibernate.engine.internal.TwoPhaseLoad - Attribute (`name`)  - enhanced for lazy-loading? - false
2024-10-22 17:03:30 [http-nio-8080-exec-5] DEBUG org.hibernate.engine.internal.TwoPhaseLoad - Done materializing entity [com.wavemaker.employee.entities.Employee#11]
2024-10-22 17:03:30 [http-nio-8080-exec-5] DEBUG org.hibernate.engine.internal.TwoPhaseLoad - Resolving attributes for [com.wavemaker.employee.entities.Employee#12]
2024-10-22 17:03:30 [http-nio-8080-exec-5] DEBUG org.hibernate.engine.internal.TwoPhaseLoad - Processing attribute `age` : value = 23
2024-10-22 17:03:30 [http-nio-8080-exec-5] DEBUG org.hibernate.engine.internal.TwoPhaseLoad - Attribute (`age`)  - enhanced for lazy-loading? - false
2024-10-22 17:03:30 [http-nio-8080-exec-5] DEBUG org.hibernate.engine.internal.TwoPhaseLoad - Processing attribute `contact` : value = 897878
2024-10-22 17:03:30 [http-nio-8080-exec-5] DEBUG org.hibernate.engine.internal.TwoPhaseLoad - Attribute (`contact`)  - enhanced for lazy-loading? - false
2024-10-22 17:03:30 [http-nio-8080-exec-5] DEBUG org.hibernate.engine.internal.TwoPhaseLoad - Processing attribute `gender` : value = Female
2024-10-22 17:03:30 [http-nio-8080-exec-5] DEBUG org.hibernate.engine.internal.TwoPhaseLoad - Attribute (`gender`)  - enhanced for lazy-loading? - false
2024-10-22 17:03:30 [http-nio-8080-exec-5] DEBUG org.hibernate.engine.internal.TwoPhaseLoad - Processing attribute `name` : value = harshini
2024-10-22 17:03:30 [http-nio-8080-exec-5] DEBUG org.hibernate.engine.internal.TwoPhaseLoad - Attribute (`name`)  - enhanced for lazy-loading? - false
2024-10-22 17:03:30 [http-nio-8080-exec-5] DEBUG org.hibernate.engine.internal.TwoPhaseLoad - Done materializing entity [com.wavemaker.employee.entities.Employee#12]
2024-10-22 17:03:30 [http-nio-8080-exec-5] DEBUG org.hibernate.engine.internal.TwoPhaseLoad - Resolving attributes for [com.wavemaker.employee.entities.Employee#13]
2024-10-22 17:03:30 [http-nio-8080-exec-5] DEBUG org.hibernate.engine.internal.TwoPhaseLoad - Processing attribute `age` : value = 22
2024-10-22 17:03:30 [http-nio-8080-exec-5] DEBUG org.hibernate.engine.internal.TwoPhaseLoad - Attribute (`age`)  - enhanced for lazy-loading? - false
2024-10-22 17:03:30 [http-nio-8080-exec-5] DEBUG org.hibernate.engine.internal.TwoPhaseLoad - Processing attribute `contact` : value = 3455
2024-10-22 17:03:30 [http-nio-8080-exec-5] DEBUG org.hibernate.engine.internal.TwoPhaseLoad - Attribute (`contact`)  - enhanced for lazy-loading? - false
2024-10-22 17:03:30 [http-nio-8080-exec-5] DEBUG org.hibernate.engine.internal.TwoPhaseLoad - Processing attribute `gender` : value = Female
2024-10-22 17:03:30 [http-nio-8080-exec-5] DEBUG org.hibernate.engine.internal.TwoPhaseLoad - Attribute (`gender`)  - enhanced for lazy-loading? - false
2024-10-22 17:03:30 [http-nio-8080-exec-5] DEBUG org.hibernate.engine.internal.TwoPhaseLoad - Processing attribute `name` : value = roopa
2024-10-22 17:03:30 [http-nio-8080-exec-5] DEBUG org.hibernate.engine.internal.TwoPhaseLoad - Attribute (`name`)  - enhanced for lazy-loading? - false
2024-10-22 17:03:30 [http-nio-8080-exec-5] DEBUG org.hibernate.engine.internal.TwoPhaseLoad - Done materializing entity [com.wavemaker.employee.entities.Employee#13]
2024-10-22 17:03:30 [http-nio-8080-exec-5] DEBUG org.hibernate.engine.internal.TwoPhaseLoad - Resolving attributes for [com.wavemaker.employee.entities.Employee#14]
2024-10-22 17:03:30 [http-nio-8080-exec-5] DEBUG org.hibernate.engine.internal.TwoPhaseLoad - Processing attribute `age` : value = 30
2024-10-22 17:03:30 [http-nio-8080-exec-5] DEBUG org.hibernate.engine.internal.TwoPhaseLoad - Attribute (`age`)  - enhanced for lazy-loading? - false
2024-10-22 17:03:30 [http-nio-8080-exec-5] DEBUG org.hibernate.engine.internal.TwoPhaseLoad - Processing attribute `contact` : value = 123-456-7890
2024-10-22 17:03:30 [http-nio-8080-exec-5] DEBUG org.hibernate.engine.internal.TwoPhaseLoad - Attribute (`contact`)  - enhanced for lazy-loading? - false
2024-10-22 17:03:30 [http-nio-8080-exec-5] DEBUG org.hibernate.engine.internal.TwoPhaseLoad - Processing attribute `gender` : value = Female
2024-10-22 17:03:30 [http-nio-8080-exec-5] DEBUG org.hibernate.engine.internal.TwoPhaseLoad - Attribute (`gender`)  - enhanced for lazy-loading? - false
2024-10-22 17:03:30 [http-nio-8080-exec-5] DEBUG org.hibernate.engine.internal.TwoPhaseLoad - Processing attribute `name` : value = nandu reddy
2024-10-22 17:03:30 [http-nio-8080-exec-5] DEBUG org.hibernate.engine.internal.TwoPhaseLoad - Attribute (`name`)  - enhanced for lazy-loading? - false
2024-10-22 17:03:30 [http-nio-8080-exec-5] DEBUG org.hibernate.engine.internal.TwoPhaseLoad - Done materializing entity [com.wavemaker.employee.entities.Employee#14]
2024-10-22 17:03:30 [http-nio-8080-exec-5] DEBUG org.hibernate.engine.internal.TwoPhaseLoad - Resolving attributes for [com.wavemaker.employee.entities.Employee#15]
2024-10-22 17:03:30 [http-nio-8080-exec-5] DEBUG org.hibernate.engine.internal.TwoPhaseLoad - Processing attribute `age` : value = 30
2024-10-22 17:03:30 [http-nio-8080-exec-5] DEBUG org.hibernate.engine.internal.TwoPhaseLoad - Attribute (`age`)  - enhanced for lazy-loading? - false
2024-10-22 17:03:30 [http-nio-8080-exec-5] DEBUG org.hibernate.engine.internal.TwoPhaseLoad - Processing attribute `contact` : value = 123-456-7890
2024-10-22 17:03:30 [http-nio-8080-exec-5] DEBUG org.hibernate.engine.internal.TwoPhaseLoad - Attribute (`contact`)  - enhanced for lazy-loading? - false
2024-10-22 17:03:30 [http-nio-8080-exec-5] DEBUG org.hibernate.engine.internal.TwoPhaseLoad - Processing attribute `gender` : value = Male
2024-10-22 17:03:30 [http-nio-8080-exec-5] DEBUG org.hibernate.engine.internal.TwoPhaseLoad - Attribute (`gender`)  - enhanced for lazy-loading? - false
2024-10-22 17:03:30 [http-nio-8080-exec-5] DEBUG org.hibernate.engine.internal.TwoPhaseLoad - Processing attribute `name` : value = sathi reddy
2024-10-22 17:03:30 [http-nio-8080-exec-5] DEBUG org.hibernate.engine.internal.TwoPhaseLoad - Attribute (`name`)  - enhanced for lazy-loading? - false
2024-10-22 17:03:30 [http-nio-8080-exec-5] DEBUG org.hibernate.engine.internal.TwoPhaseLoad - Done materializing entity [com.wavemaker.employee.entities.Employee#15]
2024-10-22 17:03:30 [http-nio-8080-exec-5] DEBUG org.hibernate.engine.internal.TwoPhaseLoad - Resolving attributes for [com.wavemaker.employee.entities.Employee#18]
2024-10-22 17:03:30 [http-nio-8080-exec-5] DEBUG org.hibernate.engine.internal.TwoPhaseLoad - Processing attribute `age` : value = 30
2024-10-22 17:03:30 [http-nio-8080-exec-5] DEBUG org.hibernate.engine.internal.TwoPhaseLoad - Attribute (`age`)  - enhanced for lazy-loading? - false
2024-10-22 17:03:30 [http-nio-8080-exec-5] DEBUG org.hibernate.engine.internal.TwoPhaseLoad - Processing attribute `contact` : value = 123-456-7890
2024-10-22 17:03:30 [http-nio-8080-exec-5] DEBUG org.hibernate.engine.internal.TwoPhaseLoad - Attribute (`contact`)  - enhanced for lazy-loading? - false
2024-10-22 17:03:30 [http-nio-8080-exec-5] DEBUG org.hibernate.engine.internal.TwoPhaseLoad - Processing attribute `gender` : value = Male
2024-10-22 17:03:30 [http-nio-8080-exec-5] DEBUG org.hibernate.engine.internal.TwoPhaseLoad - Attribute (`gender`)  - enhanced for lazy-loading? - false
2024-10-22 17:03:30 [http-nio-8080-exec-5] DEBUG org.hibernate.engine.internal.TwoPhaseLoad - Processing attribute `name` : value = sathillkk reddy
2024-10-22 17:03:30 [http-nio-8080-exec-5] DEBUG org.hibernate.engine.internal.TwoPhaseLoad - Attribute (`name`)  - enhanced for lazy-loading? - false
2024-10-22 17:03:30 [http-nio-8080-exec-5] DEBUG org.hibernate.engine.internal.TwoPhaseLoad - Done materializing entity [com.wavemaker.employee.entities.Employee#18]
2024-10-22 17:03:30 [http-nio-8080-exec-5] DEBUG org.hibernate.transform.DistinctResultTransformer - Transformed: 15 rows to: 15 distinct results
2024-10-22 17:03:30 [http-nio-8080-exec-5] DEBUG org.springframework.web.servlet.mvc.method.annotation.RequestResponseBodyMethodProcessor - Using 'application/json', given [*/*] and supported [application/json, application/*+json]
2024-10-22 17:03:30 [http-nio-8080-exec-5] DEBUG org.springframework.web.servlet.mvc.method.annotation.RequestResponseBodyMethodProcessor - Writing [[Employee{empId=2, name='ashwini', age=30, contact='123-456-7890', gender='Male'}, Employee{empId=3, (truncated)...]
2024-10-22 17:03:30 [http-nio-8080-exec-5] DEBUG org.springframework.web.servlet.DispatcherServlet - Completed 200 OK
2024-10-22 17:03:47 [http-nio-8080-exec-4] DEBUG org.springframework.web.servlet.DispatcherServlet - DELETE "/Employee/employeeManagement/18", parameters={}
2024-10-22 17:03:47 [http-nio-8080-exec-4] DEBUG org.springframework.web.servlet.mvc.method.annotation.RequestMappingHandlerMapping - Mapped to com.wavemaker.employee.controller.EmployeeController#deleteEmployee(int)
2024-10-22 17:03:47 [http-nio-8080-exec-4] DEBUG org.springframework.orm.hibernate5.HibernateTemplate - Could not retrieve pre-bound Hibernate session
org.hibernate.HibernateException: Could not obtain transaction-synchronized Session for current thread
	at org.springframework.orm.hibernate5.SpringSessionContext.currentSession(SpringSessionContext.java:140) ~[spring-orm-6.1.14.jar:6.1.14]
	at org.hibernate.internal.SessionFactoryImpl.getCurrentSession(SessionFactoryImpl.java:508) ~[hibernate-core-jakarta-5.6.15.Final.jar:5.6.15.Final]
	at org.springframework.orm.hibernate5.HibernateTemplate.doExecute(HibernateTemplate.java:351) ~[spring-orm-6.1.14.jar:6.1.14]
	at org.springframework.orm.hibernate5.HibernateTemplate.executeWithNativeSession(HibernateTemplate.java:333) ~[spring-orm-6.1.14.jar:6.1.14]
	at org.springframework.orm.hibernate5.HibernateTemplate.get(HibernateTemplate.java:450) ~[spring-orm-6.1.14.jar:6.1.14]
	at org.springframework.orm.hibernate5.HibernateTemplate.get(HibernateTemplate.java:444) ~[spring-orm-6.1.14.jar:6.1.14]
	at com.wavemaker.employee.repository.impl.EmployeeRepositoryInDbImpl.getEmployeeById(EmployeeRepositoryInDbImpl.java:36) ~[classes/:?]
	at java.base/jdk.internal.reflect.DirectMethodHandleAccessor.invoke(DirectMethodHandleAccessor.java:103) ~[?:?]
	at java.base/java.lang.reflect.Method.invoke(Method.java:580) ~[?:?]
	at org.springframework.aop.support.AopUtils.invokeJoinpointUsingReflection(AopUtils.java:355) ~[spring-aop-6.1.13.jar:6.1.13]
	at org.springframework.aop.framework.JdkDynamicAopProxy.invoke(JdkDynamicAopProxy.java:216) ~[spring-aop-6.1.13.jar:6.1.13]
	at jdk.proxy3/jdk.proxy3.$Proxy69.getEmployeeById(Unknown Source) ~[?:?]
	at com.wavemaker.employee.service.impl.EmployeeServiceImpl.getEmployeeById(EmployeeServiceImpl.java:26) ~[classes/:?]
	at com.wavemaker.employee.controller.EmployeeController.deleteEmployee(EmployeeController.java:35) ~[classes/:?]
	at java.base/jdk.internal.reflect.DirectMethodHandleAccessor.invoke(DirectMethodHandleAccessor.java:103) ~[?:?]
	at java.base/java.lang.reflect.Method.invoke(Method.java:580) ~[?:?]
	at org.springframework.web.method.support.InvocableHandlerMethod.doInvoke(InvocableHandlerMethod.java:255) ~[spring-web-6.1.13.jar:6.1.13]
	at org.springframework.web.method.support.InvocableHandlerMethod.invokeForRequest(InvocableHandlerMethod.java:188) ~[spring-web-6.1.13.jar:6.1.13]
	at org.springframework.web.servlet.mvc.method.annotation.ServletInvocableHandlerMethod.invokeAndHandle(ServletInvocableHandlerMethod.java:118) ~[spring-webmvc-6.1.13.jar:6.1.13]
	at org.springframework.web.servlet.mvc.method.annotation.RequestMappingHandlerAdapter.invokeHandlerMethod(RequestMappingHandlerAdapter.java:926) ~[spring-webmvc-6.1.13.jar:6.1.13]
	at org.springframework.web.servlet.mvc.method.annotation.RequestMappingHandlerAdapter.handleInternal(RequestMappingHandlerAdapter.java:831) ~[spring-webmvc-6.1.13.jar:6.1.13]
	at org.springframework.web.servlet.mvc.method.AbstractHandlerMethodAdapter.handle(AbstractHandlerMethodAdapter.java:87) ~[spring-webmvc-6.1.13.jar:6.1.13]
	at org.springframework.web.servlet.DispatcherServlet.doDispatch(DispatcherServlet.java:1089) ~[spring-webmvc-6.1.13.jar:6.1.13]
	at org.springframework.web.servlet.DispatcherServlet.doService(DispatcherServlet.java:979) ~[spring-webmvc-6.1.13.jar:6.1.13]
	at org.springframework.web.servlet.FrameworkServlet.processRequest(FrameworkServlet.java:1014) ~[spring-webmvc-6.1.13.jar:6.1.13]
	at org.springframework.web.servlet.FrameworkServlet.doDelete(FrameworkServlet.java:936) ~[spring-webmvc-6.1.13.jar:6.1.13]
	at jakarta.servlet.http.HttpServlet.service(HttpServlet.java:596) ~[servlet-api.jar:6.0]
	at org.springframework.web.servlet.FrameworkServlet.service(FrameworkServlet.java:885) ~[spring-webmvc-6.1.13.jar:6.1.13]
	at jakarta.servlet.http.HttpServlet.service(HttpServlet.java:658) ~[servlet-api.jar:6.0]
	at org.apache.catalina.core.ApplicationFilterChain.internalDoFilter(ApplicationFilterChain.java:195) ~[catalina.jar:10.1.31]
	at org.apache.catalina.core.ApplicationFilterChain.doFilter(ApplicationFilterChain.java:140) ~[catalina.jar:10.1.31]
	at org.apache.tomcat.websocket.server.WsFilter.doFilter(WsFilter.java:51) ~[tomcat-websocket.jar:10.1.31]
	at org.apache.catalina.core.ApplicationFilterChain.internalDoFilter(ApplicationFilterChain.java:164) ~[catalina.jar:10.1.31]
	at org.apache.catalina.core.ApplicationFilterChain.doFilter(ApplicationFilterChain.java:140) ~[catalina.jar:10.1.31]
	at org.apache.catalina.core.StandardWrapperValve.invoke(StandardWrapperValve.java:167) ~[catalina.jar:10.1.31]
	at org.apache.catalina.core.StandardContextValve.invoke(StandardContextValve.java:90) ~[catalina.jar:10.1.31]
	at org.apache.catalina.authenticator.AuthenticatorBase.invoke(AuthenticatorBase.java:483) ~[catalina.jar:10.1.31]
	at org.apache.catalina.core.StandardHostValve.invoke(StandardHostValve.java:115) ~[catalina.jar:10.1.31]
	at org.apache.catalina.valves.ErrorReportValve.invoke(ErrorReportValve.java:93) ~[catalina.jar:10.1.31]
	at org.apache.catalina.valves.AbstractAccessLogValve.invoke(AbstractAccessLogValve.java:663) ~[catalina.jar:10.1.31]
	at org.apache.catalina.core.StandardEngineValve.invoke(StandardEngineValve.java:74) ~[catalina.jar:10.1.31]
	at org.apache.catalina.connector.CoyoteAdapter.service(CoyoteAdapter.java:344) ~[catalina.jar:10.1.31]
	at org.apache.coyote.http11.Http11Processor.service(Http11Processor.java:384) ~[tomcat-coyote.jar:10.1.31]
	at org.apache.coyote.AbstractProcessorLight.process(AbstractProcessorLight.java:63) ~[tomcat-coyote.jar:10.1.31]
	at org.apache.coyote.AbstractProtocol$ConnectionHandler.process(AbstractProtocol.java:905) ~[tomcat-coyote.jar:10.1.31]
	at org.apache.tomcat.util.net.NioEndpoint$SocketProcessor.doRun(NioEndpoint.java:1741) ~[tomcat-coyote.jar:10.1.31]
	at org.apache.tomcat.util.net.SocketProcessorBase.run(SocketProcessorBase.java:52) ~[tomcat-coyote.jar:10.1.31]
	at org.apache.tomcat.util.threads.ThreadPoolExecutor.runWorker(ThreadPoolExecutor.java:1190) ~[tomcat-util.jar:10.1.31]
	at org.apache.tomcat.util.threads.ThreadPoolExecutor$Worker.run(ThreadPoolExecutor.java:659) ~[tomcat-util.jar:10.1.31]
	at org.apache.tomcat.util.threads.TaskThread$WrappingRunnable.run(TaskThread.java:63) ~[tomcat-util.jar:10.1.31]
	at java.base/java.lang.Thread.run(Thread.java:1583) [?:?]
2024-10-22 17:03:47 [http-nio-8080-exec-4] DEBUG org.hibernate.SQL - select employee0_.empId as empid1_0_0_, employee0_.age as age2_0_0_, employee0_.contact as contact3_0_0_, employee0_.gender as gender4_0_0_, employee0_.name as name5_0_0_ from Employee employee0_ where employee0_.empId=?
2024-10-22 17:03:47 [http-nio-8080-exec-4] DEBUG org.springframework.jdbc.datasource.DriverManagerDataSource - Creating new JDBC DriverManager Connection to [jdbc:mysql://127.0.0.1:3306/springjdbc]
2024-10-22 17:03:47 [http-nio-8080-exec-4] DEBUG org.hibernate.loader.plan.exec.process.internal.EntityReferenceInitializerImpl - On call to EntityIdentifierReaderImpl#resolve, EntityKey was already known; should only happen on root returns with an optional identifier specified
2024-10-22 17:03:47 [http-nio-8080-exec-4] DEBUG org.hibernate.engine.internal.TwoPhaseLoad - Resolving attributes for [com.wavemaker.employee.entities.Employee#18]
2024-10-22 17:03:47 [http-nio-8080-exec-4] DEBUG org.hibernate.engine.internal.TwoPhaseLoad - Processing attribute `age` : value = 30
2024-10-22 17:03:47 [http-nio-8080-exec-4] DEBUG org.hibernate.engine.internal.TwoPhaseLoad - Attribute (`age`)  - enhanced for lazy-loading? - false
2024-10-22 17:03:47 [http-nio-8080-exec-4] DEBUG org.hibernate.engine.internal.TwoPhaseLoad - Processing attribute `contact` : value = 123-456-7890
2024-10-22 17:03:47 [http-nio-8080-exec-4] DEBUG org.hibernate.engine.internal.TwoPhaseLoad - Attribute (`contact`)  - enhanced for lazy-loading? - false
2024-10-22 17:03:47 [http-nio-8080-exec-4] DEBUG org.hibernate.engine.internal.TwoPhaseLoad - Processing attribute `gender` : value = Male
2024-10-22 17:03:47 [http-nio-8080-exec-4] DEBUG org.hibernate.engine.internal.TwoPhaseLoad - Attribute (`gender`)  - enhanced for lazy-loading? - false
2024-10-22 17:03:47 [http-nio-8080-exec-4] DEBUG org.hibernate.engine.internal.TwoPhaseLoad - Processing attribute `name` : value = sathillkk reddy
2024-10-22 17:03:47 [http-nio-8080-exec-4] DEBUG org.hibernate.engine.internal.TwoPhaseLoad - Attribute (`name`)  - enhanced for lazy-loading? - false
2024-10-22 17:03:47 [http-nio-8080-exec-4] DEBUG org.hibernate.engine.internal.TwoPhaseLoad - Done materializing entity [com.wavemaker.employee.entities.Employee#18]
2024-10-22 17:03:47 [http-nio-8080-exec-4] DEBUG org.hibernate.loader.entity.plan.AbstractLoadPlanBasedEntityLoader - Done entity load : com.wavemaker.employee.entities.Employee#18
2024-10-22 17:03:47 [http-nio-8080-exec-4] DEBUG org.springframework.orm.hibernate5.HibernateTransactionManager - Creating new transaction with name [com.wavemaker.employee.repository.impl.EmployeeRepositoryInDbImpl.deleteEmployee]: PROPAGATION_REQUIRED,ISOLATION_DEFAULT
2024-10-22 17:03:47 [http-nio-8080-exec-4] DEBUG org.springframework.orm.hibernate5.HibernateTransactionManager - Opened new Session [SessionImpl(1883335763<open>)] for Hibernate transaction
2024-10-22 17:03:47 [http-nio-8080-exec-4] DEBUG org.hibernate.engine.transaction.internal.TransactionImpl - On TransactionImpl creation, JpaCompliance#isJpaTransactionComplianceEnabled == false
2024-10-22 17:03:47 [http-nio-8080-exec-4] DEBUG org.hibernate.engine.transaction.internal.TransactionImpl - begin
2024-10-22 17:03:47 [http-nio-8080-exec-4] DEBUG org.springframework.jdbc.datasource.DriverManagerDataSource - Creating new JDBC DriverManager Connection to [jdbc:mysql://127.0.0.1:3306/springjdbc]
2024-10-22 17:03:47 [http-nio-8080-exec-4] DEBUG org.springframework.orm.hibernate5.HibernateTransactionManager - Exposing Hibernate transaction as JDBC [org.springframework.orm.hibernate5.HibernateTransactionManager$$Lambda/0x00007f8f786fee30@2e7a3698]
2024-10-22 17:03:47 [http-nio-8080-exec-4] DEBUG org.hibernate.SQL - select employee_.empId, employee_.age as age2_0_, employee_.contact as contact3_0_, employee_.gender as gender4_0_, employee_.name as name5_0_ from Employee employee_ where employee_.empId=?
2024-10-22 17:03:47 [http-nio-8080-exec-4] DEBUG org.hibernate.resource.jdbc.internal.ResourceRegistryStandardImpl - HHH000387: ResultSet's statement was not registered
2024-10-22 17:03:47 [http-nio-8080-exec-4] DEBUG org.springframework.orm.hibernate5.HibernateTransactionManager - Initiating transaction commit
2024-10-22 17:03:47 [http-nio-8080-exec-4] DEBUG org.springframework.orm.hibernate5.HibernateTransactionManager - Committing Hibernate transaction on Session [SessionImpl(1883335763<open>)]
2024-10-22 17:03:47 [http-nio-8080-exec-4] DEBUG org.hibernate.engine.transaction.internal.TransactionImpl - committing
2024-10-22 17:03:47 [http-nio-8080-exec-4] DEBUG org.hibernate.event.internal.AbstractFlushingEventListener - Processing flush-time cascades
2024-10-22 17:03:47 [http-nio-8080-exec-4] DEBUG org.hibernate.event.internal.AbstractFlushingEventListener - Dirty checking collections
2024-10-22 17:03:47 [http-nio-8080-exec-4] DEBUG org.hibernate.event.internal.AbstractFlushingEventListener - Flushed: 0 insertions, 0 updates, 1 deletions to 1 objects
2024-10-22 17:03:47 [http-nio-8080-exec-4] DEBUG org.hibernate.event.internal.AbstractFlushingEventListener - Flushed: 0 (re)creations, 0 updates, 0 removals to 0 collections
2024-10-22 17:03:47 [http-nio-8080-exec-4] DEBUG org.hibernate.internal.util.EntityPrinter - Listing entities:
2024-10-22 17:03:47 [http-nio-8080-exec-4] DEBUG org.hibernate.internal.util.EntityPrinter - com.wavemaker.employee.entities.Employee{empId=18, gender=Male, contact=123-456-7890, name=sathillkk reddy, age=30}
2024-10-22 17:03:47 [http-nio-8080-exec-4] DEBUG org.hibernate.SQL - delete from Employee where empId=?
2024-10-22 17:03:47 [http-nio-8080-exec-4] DEBUG org.springframework.orm.hibernate5.HibernateTransactionManager - Closing Hibernate Session [SessionImpl(1883335763<open>)] after transaction
2024-10-22 17:03:47 [http-nio-8080-exec-4] DEBUG org.hibernate.engine.jdbc.internal.JdbcCoordinatorImpl - HHH000420: Closing un-released batch
2024-10-22 17:03:47 [http-nio-8080-exec-4] DEBUG org.springframework.web.servlet.mvc.method.annotation.RequestResponseBodyMethodProcessor - Using 'application/json', given [*/*] and supported [application/json, application/*+json]
2024-10-22 17:03:47 [http-nio-8080-exec-4] DEBUG org.springframework.web.servlet.mvc.method.annotation.RequestResponseBodyMethodProcessor - Writing [Employee{empId=18, name='sathillkk reddy', age=30, contact='123-456-7890', gender='Male'}]
2024-10-22 17:03:47 [http-nio-8080-exec-4] DEBUG org.springframework.web.servlet.DispatcherServlet - Completed 200 OK
2024-10-22 17:04:06 [http-nio-8080-exec-7] DEBUG org.springframework.web.servlet.DispatcherServlet - PUT "/Employee/employeeManagement/15", parameters={}
2024-10-22 17:04:06 [http-nio-8080-exec-7] DEBUG org.springframework.web.servlet.mvc.method.annotation.RequestMappingHandlerMapping - Mapped to com.wavemaker.employee.controller.EmployeeController#updateEmployee(int)
2024-10-22 17:04:06 [http-nio-8080-exec-7] DEBUG org.springframework.orm.hibernate5.HibernateTemplate - Could not retrieve pre-bound Hibernate session
org.hibernate.HibernateException: Could not obtain transaction-synchronized Session for current thread
	at org.springframework.orm.hibernate5.SpringSessionContext.currentSession(SpringSessionContext.java:140) ~[spring-orm-6.1.14.jar:6.1.14]
	at org.hibernate.internal.SessionFactoryImpl.getCurrentSession(SessionFactoryImpl.java:508) ~[hibernate-core-jakarta-5.6.15.Final.jar:5.6.15.Final]
	at org.springframework.orm.hibernate5.HibernateTemplate.doExecute(HibernateTemplate.java:351) ~[spring-orm-6.1.14.jar:6.1.14]
	at org.springframework.orm.hibernate5.HibernateTemplate.executeWithNativeSession(HibernateTemplate.java:333) ~[spring-orm-6.1.14.jar:6.1.14]
	at org.springframework.orm.hibernate5.HibernateTemplate.get(HibernateTemplate.java:450) ~[spring-orm-6.1.14.jar:6.1.14]
	at org.springframework.orm.hibernate5.HibernateTemplate.get(HibernateTemplate.java:444) ~[spring-orm-6.1.14.jar:6.1.14]
	at com.wavemaker.employee.repository.impl.EmployeeRepositoryInDbImpl.getEmployeeById(EmployeeRepositoryInDbImpl.java:36) ~[classes/:?]
	at java.base/jdk.internal.reflect.DirectMethodHandleAccessor.invoke(DirectMethodHandleAccessor.java:103) ~[?:?]
	at java.base/java.lang.reflect.Method.invoke(Method.java:580) ~[?:?]
	at org.springframework.aop.support.AopUtils.invokeJoinpointUsingReflection(AopUtils.java:355) ~[spring-aop-6.1.13.jar:6.1.13]
	at org.springframework.aop.framework.JdkDynamicAopProxy.invoke(JdkDynamicAopProxy.java:216) ~[spring-aop-6.1.13.jar:6.1.13]
	at jdk.proxy3/jdk.proxy3.$Proxy69.getEmployeeById(Unknown Source) ~[?:?]
	at com.wavemaker.employee.service.impl.EmployeeServiceImpl.getEmployeeById(EmployeeServiceImpl.java:26) ~[classes/:?]
	at com.wavemaker.employee.controller.EmployeeController.updateEmployee(EmployeeController.java:41) ~[classes/:?]
	at java.base/jdk.internal.reflect.DirectMethodHandleAccessor.invoke(DirectMethodHandleAccessor.java:103) ~[?:?]
	at java.base/java.lang.reflect.Method.invoke(Method.java:580) ~[?:?]
	at org.springframework.web.method.support.InvocableHandlerMethod.doInvoke(InvocableHandlerMethod.java:255) ~[spring-web-6.1.13.jar:6.1.13]
	at org.springframework.web.method.support.InvocableHandlerMethod.invokeForRequest(InvocableHandlerMethod.java:188) ~[spring-web-6.1.13.jar:6.1.13]
	at org.springframework.web.servlet.mvc.method.annotation.ServletInvocableHandlerMethod.invokeAndHandle(ServletInvocableHandlerMethod.java:118) ~[spring-webmvc-6.1.13.jar:6.1.13]
	at org.springframework.web.servlet.mvc.method.annotation.RequestMappingHandlerAdapter.invokeHandlerMethod(RequestMappingHandlerAdapter.java:926) ~[spring-webmvc-6.1.13.jar:6.1.13]
	at org.springframework.web.servlet.mvc.method.annotation.RequestMappingHandlerAdapter.handleInternal(RequestMappingHandlerAdapter.java:831) ~[spring-webmvc-6.1.13.jar:6.1.13]
	at org.springframework.web.servlet.mvc.method.AbstractHandlerMethodAdapter.handle(AbstractHandlerMethodAdapter.java:87) ~[spring-webmvc-6.1.13.jar:6.1.13]
	at org.springframework.web.servlet.DispatcherServlet.doDispatch(DispatcherServlet.java:1089) ~[spring-webmvc-6.1.13.jar:6.1.13]
	at org.springframework.web.servlet.DispatcherServlet.doService(DispatcherServlet.java:979) ~[spring-webmvc-6.1.13.jar:6.1.13]
	at org.springframework.web.servlet.FrameworkServlet.processRequest(FrameworkServlet.java:1014) ~[spring-webmvc-6.1.13.jar:6.1.13]
	at org.springframework.web.servlet.FrameworkServlet.doPut(FrameworkServlet.java:925) ~[spring-webmvc-6.1.13.jar:6.1.13]
	at jakarta.servlet.http.HttpServlet.service(HttpServlet.java:593) ~[servlet-api.jar:6.0]
	at org.springframework.web.servlet.FrameworkServlet.service(FrameworkServlet.java:885) ~[spring-webmvc-6.1.13.jar:6.1.13]
	at jakarta.servlet.http.HttpServlet.service(HttpServlet.java:658) ~[servlet-api.jar:6.0]
	at org.apache.catalina.core.ApplicationFilterChain.internalDoFilter(ApplicationFilterChain.java:195) ~[catalina.jar:10.1.31]
	at org.apache.catalina.core.ApplicationFilterChain.doFilter(ApplicationFilterChain.java:140) ~[catalina.jar:10.1.31]
	at org.apache.tomcat.websocket.server.WsFilter.doFilter(WsFilter.java:51) ~[tomcat-websocket.jar:10.1.31]
	at org.apache.catalina.core.ApplicationFilterChain.internalDoFilter(ApplicationFilterChain.java:164) ~[catalina.jar:10.1.31]
	at org.apache.catalina.core.ApplicationFilterChain.doFilter(ApplicationFilterChain.java:140) ~[catalina.jar:10.1.31]
	at org.apache.catalina.core.StandardWrapperValve.invoke(StandardWrapperValve.java:167) ~[catalina.jar:10.1.31]
	at org.apache.catalina.core.StandardContextValve.invoke(StandardContextValve.java:90) ~[catalina.jar:10.1.31]
	at org.apache.catalina.authenticator.AuthenticatorBase.invoke(AuthenticatorBase.java:483) ~[catalina.jar:10.1.31]
	at org.apache.catalina.core.StandardHostValve.invoke(StandardHostValve.java:115) ~[catalina.jar:10.1.31]
	at org.apache.catalina.valves.ErrorReportValve.invoke(ErrorReportValve.java:93) ~[catalina.jar:10.1.31]
	at org.apache.catalina.valves.AbstractAccessLogValve.invoke(AbstractAccessLogValve.java:663) ~[catalina.jar:10.1.31]
	at org.apache.catalina.core.StandardEngineValve.invoke(StandardEngineValve.java:74) ~[catalina.jar:10.1.31]
	at org.apache.catalina.connector.CoyoteAdapter.service(CoyoteAdapter.java:344) ~[catalina.jar:10.1.31]
	at org.apache.coyote.http11.Http11Processor.service(Http11Processor.java:384) ~[tomcat-coyote.jar:10.1.31]
	at org.apache.coyote.AbstractProcessorLight.process(AbstractProcessorLight.java:63) ~[tomcat-coyote.jar:10.1.31]
	at org.apache.coyote.AbstractProtocol$ConnectionHandler.process(AbstractProtocol.java:905) ~[tomcat-coyote.jar:10.1.31]
	at org.apache.tomcat.util.net.NioEndpoint$SocketProcessor.doRun(NioEndpoint.java:1741) ~[tomcat-coyote.jar:10.1.31]
	at org.apache.tomcat.util.net.SocketProcessorBase.run(SocketProcessorBase.java:52) ~[tomcat-coyote.jar:10.1.31]
	at org.apache.tomcat.util.threads.ThreadPoolExecutor.runWorker(ThreadPoolExecutor.java:1190) ~[tomcat-util.jar:10.1.31]
	at org.apache.tomcat.util.threads.ThreadPoolExecutor$Worker.run(ThreadPoolExecutor.java:659) ~[tomcat-util.jar:10.1.31]
	at org.apache.tomcat.util.threads.TaskThread$WrappingRunnable.run(TaskThread.java:63) ~[tomcat-util.jar:10.1.31]
	at java.base/java.lang.Thread.run(Thread.java:1583) [?:?]
2024-10-22 17:04:06 [http-nio-8080-exec-7] DEBUG org.hibernate.SQL - select employee0_.empId as empid1_0_0_, employee0_.age as age2_0_0_, employee0_.contact as contact3_0_0_, employee0_.gender as gender4_0_0_, employee0_.name as name5_0_0_ from Employee employee0_ where employee0_.empId=?
2024-10-22 17:04:06 [http-nio-8080-exec-7] DEBUG org.springframework.jdbc.datasource.DriverManagerDataSource - Creating new JDBC DriverManager Connection to [jdbc:mysql://127.0.0.1:3306/springjdbc]
2024-10-22 17:04:06 [http-nio-8080-exec-7] DEBUG org.hibernate.loader.plan.exec.process.internal.EntityReferenceInitializerImpl - On call to EntityIdentifierReaderImpl#resolve, EntityKey was already known; should only happen on root returns with an optional identifier specified
2024-10-22 17:04:06 [http-nio-8080-exec-7] DEBUG org.hibernate.engine.internal.TwoPhaseLoad - Resolving attributes for [com.wavemaker.employee.entities.Employee#15]
2024-10-22 17:04:06 [http-nio-8080-exec-7] DEBUG org.hibernate.engine.internal.TwoPhaseLoad - Processing attribute `age` : value = 30
2024-10-22 17:04:06 [http-nio-8080-exec-7] DEBUG org.hibernate.engine.internal.TwoPhaseLoad - Attribute (`age`)  - enhanced for lazy-loading? - false
2024-10-22 17:04:06 [http-nio-8080-exec-7] DEBUG org.hibernate.engine.internal.TwoPhaseLoad - Processing attribute `contact` : value = 123-456-7890
2024-10-22 17:04:06 [http-nio-8080-exec-7] DEBUG org.hibernate.engine.internal.TwoPhaseLoad - Attribute (`contact`)  - enhanced for lazy-loading? - false
2024-10-22 17:04:06 [http-nio-8080-exec-7] DEBUG org.hibernate.engine.internal.TwoPhaseLoad - Processing attribute `gender` : value = Male
2024-10-22 17:04:06 [http-nio-8080-exec-7] DEBUG org.hibernate.engine.internal.TwoPhaseLoad - Attribute (`gender`)  - enhanced for lazy-loading? - false
2024-10-22 17:04:06 [http-nio-8080-exec-7] DEBUG org.hibernate.engine.internal.TwoPhaseLoad - Processing attribute `name` : value = sathi reddy
2024-10-22 17:04:06 [http-nio-8080-exec-7] DEBUG org.hibernate.engine.internal.TwoPhaseLoad - Attribute (`name`)  - enhanced for lazy-loading? - false
2024-10-22 17:04:06 [http-nio-8080-exec-7] DEBUG org.hibernate.engine.internal.TwoPhaseLoad - Done materializing entity [com.wavemaker.employee.entities.Employee#15]
2024-10-22 17:04:06 [http-nio-8080-exec-7] DEBUG org.hibernate.loader.entity.plan.AbstractLoadPlanBasedEntityLoader - Done entity load : com.wavemaker.employee.entities.Employee#15
2024-10-22 17:04:06 [http-nio-8080-exec-7] DEBUG org.springframework.orm.hibernate5.HibernateTransactionManager - Creating new transaction with name [com.wavemaker.employee.repository.impl.EmployeeRepositoryInDbImpl.updateEmployee]: PROPAGATION_REQUIRED,ISOLATION_DEFAULT
2024-10-22 17:04:06 [http-nio-8080-exec-7] DEBUG org.springframework.orm.hibernate5.HibernateTransactionManager - Opened new Session [SessionImpl(770215036<open>)] for Hibernate transaction
2024-10-22 17:04:06 [http-nio-8080-exec-7] DEBUG org.hibernate.engine.transaction.internal.TransactionImpl - On TransactionImpl creation, JpaCompliance#isJpaTransactionComplianceEnabled == false
2024-10-22 17:04:06 [http-nio-8080-exec-7] DEBUG org.hibernate.engine.transaction.internal.TransactionImpl - begin
2024-10-22 17:04:06 [http-nio-8080-exec-7] DEBUG org.springframework.jdbc.datasource.DriverManagerDataSource - Creating new JDBC DriverManager Connection to [jdbc:mysql://127.0.0.1:3306/springjdbc]
2024-10-22 17:04:06 [http-nio-8080-exec-7] DEBUG org.springframework.orm.hibernate5.HibernateTransactionManager - Exposing Hibernate transaction as JDBC [org.springframework.orm.hibernate5.HibernateTransactionManager$$Lambda/0x00007f8f786fee30@2cc49e74]
2024-10-22 17:04:06 [http-nio-8080-exec-7] DEBUG org.springframework.orm.hibernate5.HibernateTransactionManager - Initiating transaction commit
2024-10-22 17:04:06 [http-nio-8080-exec-7] DEBUG org.springframework.orm.hibernate5.HibernateTransactionManager - Committing Hibernate transaction on Session [SessionImpl(770215036<open>)]
2024-10-22 17:04:06 [http-nio-8080-exec-7] DEBUG org.hibernate.engine.transaction.internal.TransactionImpl - committing
2024-10-22 17:04:06 [http-nio-8080-exec-7] DEBUG org.hibernate.event.internal.AbstractFlushingEventListener - Processing flush-time cascades
2024-10-22 17:04:06 [http-nio-8080-exec-7] DEBUG org.hibernate.event.internal.AbstractFlushingEventListener - Dirty checking collections
2024-10-22 17:04:06 [http-nio-8080-exec-7] DEBUG org.hibernate.event.internal.AbstractFlushingEventListener - Flushed: 0 insertions, 1 updates, 0 deletions to 1 objects
2024-10-22 17:04:06 [http-nio-8080-exec-7] DEBUG org.hibernate.event.internal.AbstractFlushingEventListener - Flushed: 0 (re)creations, 0 updates, 0 removals to 0 collections
2024-10-22 17:04:06 [http-nio-8080-exec-7] DEBUG org.hibernate.internal.util.EntityPrinter - Listing entities:
2024-10-22 17:04:06 [http-nio-8080-exec-7] DEBUG org.hibernate.internal.util.EntityPrinter - com.wavemaker.employee.entities.Employee{empId=15, gender=Male, contact=123-456-7890, name=Roopa, age=30}
2024-10-22 17:04:06 [http-nio-8080-exec-7] DEBUG org.hibernate.SQL - update Employee set age=?, contact=?, gender=?, name=? where empId=?
2024-10-22 17:04:06 [http-nio-8080-exec-7] DEBUG org.springframework.orm.hibernate5.HibernateTransactionManager - Closing Hibernate Session [SessionImpl(770215036<open>)] after transaction
2024-10-22 17:04:06 [http-nio-8080-exec-7] DEBUG org.hibernate.engine.jdbc.internal.JdbcCoordinatorImpl - HHH000420: Closing un-released batch
2024-10-22 17:04:06 [http-nio-8080-exec-7] DEBUG org.springframework.web.servlet.mvc.method.annotation.RequestResponseBodyMethodProcessor - Using 'application/json', given [*/*] and supported [application/json, application/*+json]
2024-10-22 17:04:06 [http-nio-8080-exec-7] DEBUG org.springframework.web.servlet.mvc.method.annotation.RequestResponseBodyMethodProcessor - Writing [true]
2024-10-22 17:04:06 [http-nio-8080-exec-7] DEBUG org.springframework.web.servlet.DispatcherServlet - Completed 200 OK
